[2019-12-31T20:16:32,940][INFO ][o.e.e.NodeEnvironment    ] [node-1] using [1] data paths, mounts [[OS (C:)]], net usable_space [132.6gb], net total_space [237.4gb], types [NTFS]
[2019-12-31T20:16:32,943][INFO ][o.e.e.NodeEnvironment    ] [node-1] heap size [989.8mb], compressed ordinary object pointers [true]
[2019-12-31T20:16:32,957][INFO ][o.e.n.Node               ] [node-1] node name [node-1], node ID [PX_sO-0FQ_SA4PSHIXUgxw], cluster name [adi-proggrammer]
[2019-12-31T20:16:32,960][INFO ][o.e.n.Node               ] [node-1] version[7.5.1], pid[9480], build[default/zip/3ae9ac9a93c95bd0cdc054951cf95d88e1e18d96/2019-12-16T22:57:37.835892Z], OS[Windows 10/10.0/amd64], JVM[Oracle Corporation/Java HotSpot(TM) 64-Bit Server VM/1.8.0_231/25.231-b11]
[2019-12-31T20:16:32,962][INFO ][o.e.n.Node               ] [node-1] JVM home [C:\Program Files\Java\jdk1.8.0_231\jre]
[2019-12-31T20:16:32,963][INFO ][o.e.n.Node               ] [node-1] JVM arguments [-Des.networkaddress.cache.ttl=60, -Des.networkaddress.cache.negative.ttl=10, -XX:+AlwaysPreTouch, -Xss1m, -Djava.awt.headless=true, -Dfile.encoding=UTF-8, -Djna.nosys=true, -XX:-OmitStackTraceInFastThrow, -Dio.netty.noUnsafe=true, -Dio.netty.noKeySetOptimization=true, -Dio.netty.recycler.maxCapacityPerThread=0, -Dio.netty.allocator.numDirectArenas=0, -Dlog4j.shutdownHookEnabled=false, -Dlog4j2.disable.jmx=true, -Djava.locale.providers=COMPAT, -Xms1g, -Xmx1g, -XX:+UseConcMarkSweepGC, -XX:CMSInitiatingOccupancyFraction=75, -XX:+UseCMSInitiatingOccupancyOnly, -Djava.io.tmpdir=C:\Users\adyfa\AppData\Local\Temp\elasticsearch, -XX:+HeapDumpOnOutOfMemoryError, -XX:HeapDumpPath=data, -XX:ErrorFile=logs/hs_err_pid%p.log, -XX:+PrintGCDetails, -XX:+PrintGCDateStamps, -XX:+PrintTenuringDistribution, -XX:+PrintGCApplicationStoppedTime, -Xloggc:logs/gc.log, -XX:+UseGCLogFileRotation, -XX:NumberOfGCLogFiles=32, -XX:GCLogFileSize=64m, -XX:MaxDirectMemorySize=536870912, -Delasticsearch, -Des.path.home=C:\Users\adyfa\Downloads\elasticsearch-7.5.1-windows-x86_64\elasticsearch-7.5.1, -Des.path.conf=C:\Users\adyfa\Downloads\elasticsearch-7.5.1-windows-x86_64\elasticsearch-7.5.1\config, -Des.distribution.flavor=default, -Des.distribution.type=zip, -Des.bundled_jdk=true]
[2019-12-31T20:16:35,575][INFO ][o.e.p.PluginsService     ] [node-1] loaded module [aggs-matrix-stats]
[2019-12-31T20:16:35,576][INFO ][o.e.p.PluginsService     ] [node-1] loaded module [analysis-common]
[2019-12-31T20:16:35,577][INFO ][o.e.p.PluginsService     ] [node-1] loaded module [flattened]
[2019-12-31T20:16:35,591][INFO ][o.e.p.PluginsService     ] [node-1] loaded module [frozen-indices]
[2019-12-31T20:16:35,592][INFO ][o.e.p.PluginsService     ] [node-1] loaded module [ingest-common]
[2019-12-31T20:16:35,593][INFO ][o.e.p.PluginsService     ] [node-1] loaded module [ingest-geoip]
[2019-12-31T20:16:35,594][INFO ][o.e.p.PluginsService     ] [node-1] loaded module [ingest-user-agent]
[2019-12-31T20:16:35,595][INFO ][o.e.p.PluginsService     ] [node-1] loaded module [lang-expression]
[2019-12-31T20:16:35,596][INFO ][o.e.p.PluginsService     ] [node-1] loaded module [lang-mustache]
[2019-12-31T20:16:35,597][INFO ][o.e.p.PluginsService     ] [node-1] loaded module [lang-painless]
[2019-12-31T20:16:35,597][INFO ][o.e.p.PluginsService     ] [node-1] loaded module [mapper-extras]
[2019-12-31T20:16:35,598][INFO ][o.e.p.PluginsService     ] [node-1] loaded module [parent-join]
[2019-12-31T20:16:35,599][INFO ][o.e.p.PluginsService     ] [node-1] loaded module [percolator]
[2019-12-31T20:16:35,600][INFO ][o.e.p.PluginsService     ] [node-1] loaded module [rank-eval]
[2019-12-31T20:16:35,612][INFO ][o.e.p.PluginsService     ] [node-1] loaded module [reindex]
[2019-12-31T20:16:35,613][INFO ][o.e.p.PluginsService     ] [node-1] loaded module [repository-url]
[2019-12-31T20:16:35,615][INFO ][o.e.p.PluginsService     ] [node-1] loaded module [search-business-rules]
[2019-12-31T20:16:35,616][INFO ][o.e.p.PluginsService     ] [node-1] loaded module [spatial]
[2019-12-31T20:16:35,617][INFO ][o.e.p.PluginsService     ] [node-1] loaded module [transform]
[2019-12-31T20:16:35,627][INFO ][o.e.p.PluginsService     ] [node-1] loaded module [transport-netty4]
[2019-12-31T20:16:35,628][INFO ][o.e.p.PluginsService     ] [node-1] loaded module [vectors]
[2019-12-31T20:16:35,629][INFO ][o.e.p.PluginsService     ] [node-1] loaded module [x-pack-analytics]
[2019-12-31T20:16:35,630][INFO ][o.e.p.PluginsService     ] [node-1] loaded module [x-pack-ccr]
[2019-12-31T20:16:35,631][INFO ][o.e.p.PluginsService     ] [node-1] loaded module [x-pack-core]
[2019-12-31T20:16:35,632][INFO ][o.e.p.PluginsService     ] [node-1] loaded module [x-pack-deprecation]
[2019-12-31T20:16:35,632][INFO ][o.e.p.PluginsService     ] [node-1] loaded module [x-pack-enrich]
[2019-12-31T20:16:35,644][INFO ][o.e.p.PluginsService     ] [node-1] loaded module [x-pack-graph]
[2019-12-31T20:16:35,645][INFO ][o.e.p.PluginsService     ] [node-1] loaded module [x-pack-ilm]
[2019-12-31T20:16:35,646][INFO ][o.e.p.PluginsService     ] [node-1] loaded module [x-pack-logstash]
[2019-12-31T20:16:35,647][INFO ][o.e.p.PluginsService     ] [node-1] loaded module [x-pack-ml]
[2019-12-31T20:16:35,647][INFO ][o.e.p.PluginsService     ] [node-1] loaded module [x-pack-monitoring]
[2019-12-31T20:16:35,648][INFO ][o.e.p.PluginsService     ] [node-1] loaded module [x-pack-rollup]
[2019-12-31T20:16:35,648][INFO ][o.e.p.PluginsService     ] [node-1] loaded module [x-pack-security]
[2019-12-31T20:16:35,649][INFO ][o.e.p.PluginsService     ] [node-1] loaded module [x-pack-sql]
[2019-12-31T20:16:35,650][INFO ][o.e.p.PluginsService     ] [node-1] loaded module [x-pack-voting-only-node]
[2019-12-31T20:16:35,652][INFO ][o.e.p.PluginsService     ] [node-1] loaded module [x-pack-watcher]
[2019-12-31T20:16:35,663][INFO ][o.e.p.PluginsService     ] [node-1] no plugins loaded
[2019-12-31T20:16:39,506][INFO ][o.e.x.s.a.s.FileRolesStore] [node-1] parsed [0] roles from file [C:\Users\adyfa\Downloads\elasticsearch-7.5.1-windows-x86_64\elasticsearch-7.5.1\config\roles.yml]
[2019-12-31T20:16:40,207][INFO ][o.e.x.m.p.l.CppLogMessageHandler] [node-1] [controller/9496] [Main.cc@110] controller (64 bit): Version 7.5.1 (Build ae3c3c51b849be) Copyright (c) 2019 Elasticsearch BV
[2019-12-31T20:16:40,740][DEBUG][o.e.a.ActionModule       ] [node-1] Using REST wrapper from plugin org.elasticsearch.xpack.security.Security
[2019-12-31T20:16:40,874][INFO ][o.e.d.DiscoveryModule    ] [node-1] using discovery type [zen] and seed hosts providers [settings]
[2019-12-31T20:16:41,882][INFO ][o.e.n.Node               ] [node-1] initialized
[2019-12-31T20:16:41,883][INFO ][o.e.n.Node               ] [node-1] starting ...
[2019-12-31T20:16:42,640][INFO ][o.e.t.TransportService   ] [node-1] publish_address {127.0.0.1:9300}, bound_addresses {127.0.0.1:9300}, {[::1]:9300}
[2019-12-31T20:16:42,823][WARN ][o.e.b.BootstrapChecks    ] [node-1] the default discovery settings are unsuitable for production use; at least one of [discovery.seed_hosts, discovery.seed_providers, cluster.initial_master_nodes] must be configured
[2019-12-31T20:16:42,825][INFO ][o.e.c.c.Coordinator      ] [node-1] cluster UUID [GPFlUijaTS-FIFPI6uhkXQ]
[2019-12-31T20:16:42,837][INFO ][o.e.c.c.ClusterBootstrapService] [node-1] no discovery configuration found, will perform best-effort cluster bootstrapping after [3s] unless existing master is discovered
[2019-12-31T20:16:42,966][INFO ][o.e.c.s.MasterService    ] [node-1] elected-as-master ([1] nodes joined)[{node-1}{PX_sO-0FQ_SA4PSHIXUgxw}{-ghMA_9FSlGXCD-UcBapTw}{127.0.0.1}{127.0.0.1:9300}{dilm}{ml.machine_memory=8395399168, xpack.installed=true, ml.max_open_jobs=20} elect leader, _BECOME_MASTER_TASK_, _FINISH_ELECTION_], term: 2, version: 18, delta: master node changed {previous [], current [{node-1}{PX_sO-0FQ_SA4PSHIXUgxw}{-ghMA_9FSlGXCD-UcBapTw}{127.0.0.1}{127.0.0.1:9300}{dilm}{ml.machine_memory=8395399168, xpack.installed=true, ml.max_open_jobs=20}]}
[2019-12-31T20:16:43,044][INFO ][o.e.c.s.ClusterApplierService] [node-1] master node changed {previous [], current [{node-1}{PX_sO-0FQ_SA4PSHIXUgxw}{-ghMA_9FSlGXCD-UcBapTw}{127.0.0.1}{127.0.0.1:9300}{dilm}{ml.machine_memory=8395399168, xpack.installed=true, ml.max_open_jobs=20}]}, term: 2, version: 18, reason: Publication{term=2, version=18}
[2019-12-31T20:16:43,312][INFO ][o.e.l.LicenseService     ] [node-1] license [107bf435-094b-421d-a5b8-a76a0bdc1859] mode [basic] - valid
[2019-12-31T20:16:43,314][INFO ][o.e.x.s.s.SecurityStatusChangeListener] [node-1] Active license is now [BASIC]; Security is disabled
[2019-12-31T20:16:43,325][INFO ][o.e.g.GatewayService     ] [node-1] recovered [0] indices into cluster_state
[2019-12-31T20:16:43,422][INFO ][o.e.h.AbstractHttpServerTransport] [node-1] publish_address {127.0.0.1:9200}, bound_addresses {127.0.0.1:9200}, {[::1]:9200}
[2019-12-31T20:16:43,424][INFO ][o.e.n.Node               ] [node-1] started
[2019-12-31T20:17:56,889][INFO ][o.e.n.Node               ] [node-1] stopping ...
[2019-12-31T20:17:56,906][INFO ][o.e.x.w.WatcherService   ] [node-1] stopping watch service, reason [shutdown initiated]
[2019-12-31T20:17:56,913][INFO ][o.e.x.w.WatcherLifeCycleService] [node-1] watcher has stopped and shutdown
[2019-12-31T20:17:57,022][INFO ][o.e.x.m.p.l.CppLogMessageHandler] [node-1] [controller/9496] [Main.cc@150] Ml controller exiting
[2019-12-31T20:17:57,023][INFO ][o.e.n.Node               ] [node-1] stopped
[2019-12-31T20:17:57,023][INFO ][o.e.x.m.p.NativeController] [node-1] Native controller process has stopped - no new native processes can be started
[2019-12-31T20:17:57,023][INFO ][o.e.n.Node               ] [node-1] closing ...
[2019-12-31T20:17:57,148][INFO ][o.e.n.Node               ] [node-1] closed
[2019-12-31T20:27:21,944][INFO ][o.e.e.NodeEnvironment    ] [node-1] using [1] data paths, mounts [[OS (C:)]], net usable_space [130.5gb], net total_space [237.4gb], types [NTFS]
[2019-12-31T20:27:21,947][INFO ][o.e.e.NodeEnvironment    ] [node-1] heap size [989.8mb], compressed ordinary object pointers [true]
[2019-12-31T20:27:21,952][INFO ][o.e.n.Node               ] [node-1] node name [node-1], node ID [PX_sO-0FQ_SA4PSHIXUgxw], cluster name [adi-proggrammer]
[2019-12-31T20:27:21,953][INFO ][o.e.n.Node               ] [node-1] version[7.5.1], pid[4336], build[default/zip/3ae9ac9a93c95bd0cdc054951cf95d88e1e18d96/2019-12-16T22:57:37.835892Z], OS[Windows 10/10.0/amd64], JVM[Oracle Corporation/Java HotSpot(TM) 64-Bit Server VM/1.8.0_231/25.231-b11]
[2019-12-31T20:27:21,955][INFO ][o.e.n.Node               ] [node-1] JVM home [C:\Program Files\Java\jdk1.8.0_231\jre]
[2019-12-31T20:27:21,956][INFO ][o.e.n.Node               ] [node-1] JVM arguments [-Des.networkaddress.cache.ttl=60, -Des.networkaddress.cache.negative.ttl=10, -XX:+AlwaysPreTouch, -Xss1m, -Djava.awt.headless=true, -Dfile.encoding=UTF-8, -Djna.nosys=true, -XX:-OmitStackTraceInFastThrow, -Dio.netty.noUnsafe=true, -Dio.netty.noKeySetOptimization=true, -Dio.netty.recycler.maxCapacityPerThread=0, -Dio.netty.allocator.numDirectArenas=0, -Dlog4j.shutdownHookEnabled=false, -Dlog4j2.disable.jmx=true, -Djava.locale.providers=COMPAT, -Xms1g, -Xmx1g, -XX:+UseConcMarkSweepGC, -XX:CMSInitiatingOccupancyFraction=75, -XX:+UseCMSInitiatingOccupancyOnly, -Djava.io.tmpdir=C:\Users\adyfa\AppData\Local\Temp\elasticsearch, -XX:+HeapDumpOnOutOfMemoryError, -XX:HeapDumpPath=data, -XX:ErrorFile=logs/hs_err_pid%p.log, -XX:+PrintGCDetails, -XX:+PrintGCDateStamps, -XX:+PrintTenuringDistribution, -XX:+PrintGCApplicationStoppedTime, -Xloggc:logs/gc.log, -XX:+UseGCLogFileRotation, -XX:NumberOfGCLogFiles=32, -XX:GCLogFileSize=64m, -XX:MaxDirectMemorySize=536870912, -Delasticsearch, -Des.path.home=C:\Users\adyfa\Downloads\elasticsearch-3node\elasticsearch-7.5.1 - node 1, -Des.path.conf=C:\Users\adyfa\Downloads\elasticsearch-3node\elasticsearch-7.5.1 - node 1\config, -Des.distribution.flavor=default, -Des.distribution.type=zip, -Des.bundled_jdk=true]
[2019-12-31T20:27:24,604][INFO ][o.e.p.PluginsService     ] [node-1] loaded module [aggs-matrix-stats]
[2019-12-31T20:27:24,604][INFO ][o.e.p.PluginsService     ] [node-1] loaded module [analysis-common]
[2019-12-31T20:27:24,605][INFO ][o.e.p.PluginsService     ] [node-1] loaded module [flattened]
[2019-12-31T20:27:24,606][INFO ][o.e.p.PluginsService     ] [node-1] loaded module [frozen-indices]
[2019-12-31T20:27:24,607][INFO ][o.e.p.PluginsService     ] [node-1] loaded module [ingest-common]
[2019-12-31T20:27:24,608][INFO ][o.e.p.PluginsService     ] [node-1] loaded module [ingest-geoip]
[2019-12-31T20:27:24,609][INFO ][o.e.p.PluginsService     ] [node-1] loaded module [ingest-user-agent]
[2019-12-31T20:27:24,609][INFO ][o.e.p.PluginsService     ] [node-1] loaded module [lang-expression]
[2019-12-31T20:27:24,610][INFO ][o.e.p.PluginsService     ] [node-1] loaded module [lang-mustache]
[2019-12-31T20:27:24,611][INFO ][o.e.p.PluginsService     ] [node-1] loaded module [lang-painless]
[2019-12-31T20:27:24,611][INFO ][o.e.p.PluginsService     ] [node-1] loaded module [mapper-extras]
[2019-12-31T20:27:24,612][INFO ][o.e.p.PluginsService     ] [node-1] loaded module [parent-join]
[2019-12-31T20:27:24,612][INFO ][o.e.p.PluginsService     ] [node-1] loaded module [percolator]
[2019-12-31T20:27:24,613][INFO ][o.e.p.PluginsService     ] [node-1] loaded module [rank-eval]
[2019-12-31T20:27:24,613][INFO ][o.e.p.PluginsService     ] [node-1] loaded module [reindex]
[2019-12-31T20:27:24,614][INFO ][o.e.p.PluginsService     ] [node-1] loaded module [repository-url]
[2019-12-31T20:27:24,614][INFO ][o.e.p.PluginsService     ] [node-1] loaded module [search-business-rules]
[2019-12-31T20:27:24,615][INFO ][o.e.p.PluginsService     ] [node-1] loaded module [spatial]
[2019-12-31T20:27:24,616][INFO ][o.e.p.PluginsService     ] [node-1] loaded module [transform]
[2019-12-31T20:27:24,616][INFO ][o.e.p.PluginsService     ] [node-1] loaded module [transport-netty4]
[2019-12-31T20:27:24,617][INFO ][o.e.p.PluginsService     ] [node-1] loaded module [vectors]
[2019-12-31T20:27:24,617][INFO ][o.e.p.PluginsService     ] [node-1] loaded module [x-pack-analytics]
[2019-12-31T20:27:24,618][INFO ][o.e.p.PluginsService     ] [node-1] loaded module [x-pack-ccr]
[2019-12-31T20:27:24,618][INFO ][o.e.p.PluginsService     ] [node-1] loaded module [x-pack-core]
[2019-12-31T20:27:24,619][INFO ][o.e.p.PluginsService     ] [node-1] loaded module [x-pack-deprecation]
[2019-12-31T20:27:24,619][INFO ][o.e.p.PluginsService     ] [node-1] loaded module [x-pack-enrich]
[2019-12-31T20:27:24,620][INFO ][o.e.p.PluginsService     ] [node-1] loaded module [x-pack-graph]
[2019-12-31T20:27:24,620][INFO ][o.e.p.PluginsService     ] [node-1] loaded module [x-pack-ilm]
[2019-12-31T20:27:24,621][INFO ][o.e.p.PluginsService     ] [node-1] loaded module [x-pack-logstash]
[2019-12-31T20:27:24,622][INFO ][o.e.p.PluginsService     ] [node-1] loaded module [x-pack-ml]
[2019-12-31T20:27:24,622][INFO ][o.e.p.PluginsService     ] [node-1] loaded module [x-pack-monitoring]
[2019-12-31T20:27:24,623][INFO ][o.e.p.PluginsService     ] [node-1] loaded module [x-pack-rollup]
[2019-12-31T20:27:24,623][INFO ][o.e.p.PluginsService     ] [node-1] loaded module [x-pack-security]
[2019-12-31T20:27:24,623][INFO ][o.e.p.PluginsService     ] [node-1] loaded module [x-pack-sql]
[2019-12-31T20:27:24,624][INFO ][o.e.p.PluginsService     ] [node-1] loaded module [x-pack-voting-only-node]
[2019-12-31T20:27:24,624][INFO ][o.e.p.PluginsService     ] [node-1] loaded module [x-pack-watcher]
[2019-12-31T20:27:24,625][INFO ][o.e.p.PluginsService     ] [node-1] no plugins loaded
[2019-12-31T20:27:28,595][INFO ][o.e.x.s.a.s.FileRolesStore] [node-1] parsed [0] roles from file [C:\Users\adyfa\Downloads\elasticsearch-3node\elasticsearch-7.5.1 - node 1\config\roles.yml]
[2019-12-31T20:27:29,514][INFO ][o.e.x.m.p.l.CppLogMessageHandler] [node-1] [controller/12172] [Main.cc@110] controller (64 bit): Version 7.5.1 (Build ae3c3c51b849be) Copyright (c) 2019 Elasticsearch BV
[2019-12-31T20:27:30,265][DEBUG][o.e.a.ActionModule       ] [node-1] Using REST wrapper from plugin org.elasticsearch.xpack.security.Security
[2019-12-31T20:27:30,442][INFO ][o.e.d.DiscoveryModule    ] [node-1] using discovery type [zen] and seed hosts providers [settings]
[2019-12-31T20:27:31,638][INFO ][o.e.n.Node               ] [node-1] initialized
[2019-12-31T20:27:31,639][INFO ][o.e.n.Node               ] [node-1] starting ...
[2019-12-31T20:27:32,534][INFO ][o.e.t.TransportService   ] [node-1] publish_address {127.0.0.1:9300}, bound_addresses {127.0.0.1:9300}, {[::1]:9300}
[2019-12-31T20:27:32,793][INFO ][o.e.c.c.Coordinator      ] [node-1] cluster UUID [GPFlUijaTS-FIFPI6uhkXQ]
[2019-12-31T20:27:33,002][INFO ][o.e.c.s.MasterService    ] [node-1] elected-as-master ([1] nodes joined)[{node-1}{PX_sO-0FQ_SA4PSHIXUgxw}{0IjIePU2QeypOtcyczAGNA}{127.0.0.1}{127.0.0.1:9300}{dilm}{ml.machine_memory=8395399168, xpack.installed=true, ml.max_open_jobs=20} elect leader, _BECOME_MASTER_TASK_, _FINISH_ELECTION_], term: 3, version: 21, delta: master node changed {previous [], current [{node-1}{PX_sO-0FQ_SA4PSHIXUgxw}{0IjIePU2QeypOtcyczAGNA}{127.0.0.1}{127.0.0.1:9300}{dilm}{ml.machine_memory=8395399168, xpack.installed=true, ml.max_open_jobs=20}]}
[2019-12-31T20:27:33,092][INFO ][o.e.c.s.ClusterApplierService] [node-1] master node changed {previous [], current [{node-1}{PX_sO-0FQ_SA4PSHIXUgxw}{0IjIePU2QeypOtcyczAGNA}{127.0.0.1}{127.0.0.1:9300}{dilm}{ml.machine_memory=8395399168, xpack.installed=true, ml.max_open_jobs=20}]}, term: 3, version: 21, reason: Publication{term=3, version=21}
[2019-12-31T20:27:33,450][INFO ][o.e.l.LicenseService     ] [node-1] license [107bf435-094b-421d-a5b8-a76a0bdc1859] mode [basic] - valid
[2019-12-31T20:27:33,452][INFO ][o.e.x.s.s.SecurityStatusChangeListener] [node-1] Active license is now [BASIC]; Security is disabled
[2019-12-31T20:27:33,462][INFO ][o.e.g.GatewayService     ] [node-1] recovered [0] indices into cluster_state
[2019-12-31T20:27:33,574][INFO ][o.e.h.AbstractHttpServerTransport] [node-1] publish_address {127.0.0.1:9201}, bound_addresses {127.0.0.1:9201}, {[::1]:9201}
[2019-12-31T20:27:33,577][INFO ][o.e.n.Node               ] [node-1] started
[2019-12-31T20:33:45,698][INFO ][o.e.n.Node               ] [node-1] stopping ...
[2019-12-31T20:33:45,714][INFO ][o.e.x.w.WatcherService   ] [node-1] stopping watch service, reason [shutdown initiated]
[2019-12-31T20:33:45,721][INFO ][o.e.x.w.WatcherLifeCycleService] [node-1] watcher has stopped and shutdown
[2019-12-31T20:33:46,164][INFO ][o.e.x.m.p.l.CppLogMessageHandler] [node-1] [controller/12172] [Main.cc@150] Ml controller exiting
[2019-12-31T20:33:46,175][INFO ][o.e.x.m.p.NativeController] [node-1] Native controller process has stopped - no new native processes can be started
[2019-12-31T20:33:46,179][INFO ][o.e.n.Node               ] [node-1] stopped
[2019-12-31T20:33:46,181][INFO ][o.e.n.Node               ] [node-1] closing ...
[2019-12-31T20:33:46,196][INFO ][o.e.n.Node               ] [node-1] closed
[2019-12-31T20:34:32,447][INFO ][o.e.e.NodeEnvironment    ] [node-1] using [1] data paths, mounts [[OS (C:)]], net usable_space [130.9gb], net total_space [237.4gb], types [NTFS]
[2019-12-31T20:34:32,449][INFO ][o.e.e.NodeEnvironment    ] [node-1] heap size [989.8mb], compressed ordinary object pointers [true]
[2019-12-31T20:34:32,454][INFO ][o.e.n.Node               ] [node-1] node name [node-1], node ID [PX_sO-0FQ_SA4PSHIXUgxw], cluster name [adi-proggrammer]
[2019-12-31T20:34:32,462][INFO ][o.e.n.Node               ] [node-1] version[7.5.1], pid[2584], build[default/zip/3ae9ac9a93c95bd0cdc054951cf95d88e1e18d96/2019-12-16T22:57:37.835892Z], OS[Windows 10/10.0/amd64], JVM[Oracle Corporation/Java HotSpot(TM) 64-Bit Server VM/1.8.0_231/25.231-b11]
[2019-12-31T20:34:32,464][INFO ][o.e.n.Node               ] [node-1] JVM home [C:\Program Files\Java\jdk1.8.0_231\jre]
[2019-12-31T20:34:32,465][INFO ][o.e.n.Node               ] [node-1] JVM arguments [-Des.networkaddress.cache.ttl=60, -Des.networkaddress.cache.negative.ttl=10, -XX:+AlwaysPreTouch, -Xss1m, -Djava.awt.headless=true, -Dfile.encoding=UTF-8, -Djna.nosys=true, -XX:-OmitStackTraceInFastThrow, -Dio.netty.noUnsafe=true, -Dio.netty.noKeySetOptimization=true, -Dio.netty.recycler.maxCapacityPerThread=0, -Dio.netty.allocator.numDirectArenas=0, -Dlog4j.shutdownHookEnabled=false, -Dlog4j2.disable.jmx=true, -Djava.locale.providers=COMPAT, -Xms1g, -Xmx1g, -XX:+UseConcMarkSweepGC, -XX:CMSInitiatingOccupancyFraction=75, -XX:+UseCMSInitiatingOccupancyOnly, -Djava.io.tmpdir=C:\Users\adyfa\AppData\Local\Temp\elasticsearch, -XX:+HeapDumpOnOutOfMemoryError, -XX:HeapDumpPath=data, -XX:ErrorFile=logs/hs_err_pid%p.log, -XX:+PrintGCDetails, -XX:+PrintGCDateStamps, -XX:+PrintTenuringDistribution, -XX:+PrintGCApplicationStoppedTime, -Xloggc:logs/gc.log, -XX:+UseGCLogFileRotation, -XX:NumberOfGCLogFiles=32, -XX:GCLogFileSize=64m, -XX:MaxDirectMemorySize=536870912, -Delasticsearch, -Des.path.home=C:\Users\adyfa\Downloads\elasticsearch-3node\elasticsearch-7.5.1 - node 1, -Des.path.conf=C:\Users\adyfa\Downloads\elasticsearch-3node\elasticsearch-7.5.1 - node 1\config, -Des.distribution.flavor=default, -Des.distribution.type=zip, -Des.bundled_jdk=true]
[2019-12-31T20:34:34,798][INFO ][o.e.p.PluginsService     ] [node-1] loaded module [aggs-matrix-stats]
[2019-12-31T20:34:34,799][INFO ][o.e.p.PluginsService     ] [node-1] loaded module [analysis-common]
[2019-12-31T20:34:34,799][INFO ][o.e.p.PluginsService     ] [node-1] loaded module [flattened]
[2019-12-31T20:34:34,800][INFO ][o.e.p.PluginsService     ] [node-1] loaded module [frozen-indices]
[2019-12-31T20:34:34,801][INFO ][o.e.p.PluginsService     ] [node-1] loaded module [ingest-common]
[2019-12-31T20:34:34,801][INFO ][o.e.p.PluginsService     ] [node-1] loaded module [ingest-geoip]
[2019-12-31T20:34:34,802][INFO ][o.e.p.PluginsService     ] [node-1] loaded module [ingest-user-agent]
[2019-12-31T20:34:34,802][INFO ][o.e.p.PluginsService     ] [node-1] loaded module [lang-expression]
[2019-12-31T20:34:34,802][INFO ][o.e.p.PluginsService     ] [node-1] loaded module [lang-mustache]
[2019-12-31T20:34:34,803][INFO ][o.e.p.PluginsService     ] [node-1] loaded module [lang-painless]
[2019-12-31T20:34:34,803][INFO ][o.e.p.PluginsService     ] [node-1] loaded module [mapper-extras]
[2019-12-31T20:34:34,804][INFO ][o.e.p.PluginsService     ] [node-1] loaded module [parent-join]
[2019-12-31T20:34:34,804][INFO ][o.e.p.PluginsService     ] [node-1] loaded module [percolator]
[2019-12-31T20:34:34,805][INFO ][o.e.p.PluginsService     ] [node-1] loaded module [rank-eval]
[2019-12-31T20:34:34,817][INFO ][o.e.p.PluginsService     ] [node-1] loaded module [reindex]
[2019-12-31T20:34:34,818][INFO ][o.e.p.PluginsService     ] [node-1] loaded module [repository-url]
[2019-12-31T20:34:34,819][INFO ][o.e.p.PluginsService     ] [node-1] loaded module [search-business-rules]
[2019-12-31T20:34:34,820][INFO ][o.e.p.PluginsService     ] [node-1] loaded module [spatial]
[2019-12-31T20:34:34,821][INFO ][o.e.p.PluginsService     ] [node-1] loaded module [transform]
[2019-12-31T20:34:34,832][INFO ][o.e.p.PluginsService     ] [node-1] loaded module [transport-netty4]
[2019-12-31T20:34:34,833][INFO ][o.e.p.PluginsService     ] [node-1] loaded module [vectors]
[2019-12-31T20:34:34,834][INFO ][o.e.p.PluginsService     ] [node-1] loaded module [x-pack-analytics]
[2019-12-31T20:34:34,835][INFO ][o.e.p.PluginsService     ] [node-1] loaded module [x-pack-ccr]
[2019-12-31T20:34:34,836][INFO ][o.e.p.PluginsService     ] [node-1] loaded module [x-pack-core]
[2019-12-31T20:34:34,837][INFO ][o.e.p.PluginsService     ] [node-1] loaded module [x-pack-deprecation]
[2019-12-31T20:34:34,837][INFO ][o.e.p.PluginsService     ] [node-1] loaded module [x-pack-enrich]
[2019-12-31T20:34:34,839][INFO ][o.e.p.PluginsService     ] [node-1] loaded module [x-pack-graph]
[2019-12-31T20:34:34,850][INFO ][o.e.p.PluginsService     ] [node-1] loaded module [x-pack-ilm]
[2019-12-31T20:34:34,851][INFO ][o.e.p.PluginsService     ] [node-1] loaded module [x-pack-logstash]
[2019-12-31T20:34:34,852][INFO ][o.e.p.PluginsService     ] [node-1] loaded module [x-pack-ml]
[2019-12-31T20:34:34,853][INFO ][o.e.p.PluginsService     ] [node-1] loaded module [x-pack-monitoring]
[2019-12-31T20:34:34,853][INFO ][o.e.p.PluginsService     ] [node-1] loaded module [x-pack-rollup]
[2019-12-31T20:34:34,854][INFO ][o.e.p.PluginsService     ] [node-1] loaded module [x-pack-security]
[2019-12-31T20:34:34,856][INFO ][o.e.p.PluginsService     ] [node-1] loaded module [x-pack-sql]
[2019-12-31T20:34:34,867][INFO ][o.e.p.PluginsService     ] [node-1] loaded module [x-pack-voting-only-node]
[2019-12-31T20:34:34,868][INFO ][o.e.p.PluginsService     ] [node-1] loaded module [x-pack-watcher]
[2019-12-31T20:34:34,870][INFO ][o.e.p.PluginsService     ] [node-1] no plugins loaded
[2019-12-31T20:34:38,642][INFO ][o.e.x.s.a.s.FileRolesStore] [node-1] parsed [0] roles from file [C:\Users\adyfa\Downloads\elasticsearch-3node\elasticsearch-7.5.1 - node 1\config\roles.yml]
[2019-12-31T20:34:39,401][INFO ][o.e.x.m.p.l.CppLogMessageHandler] [node-1] [controller/13252] [Main.cc@110] controller (64 bit): Version 7.5.1 (Build ae3c3c51b849be) Copyright (c) 2019 Elasticsearch BV
[2019-12-31T20:34:40,163][DEBUG][o.e.a.ActionModule       ] [node-1] Using REST wrapper from plugin org.elasticsearch.xpack.security.Security
[2019-12-31T20:34:40,394][INFO ][o.e.d.DiscoveryModule    ] [node-1] using discovery type [zen] and seed hosts providers [settings]
[2019-12-31T20:34:41,535][INFO ][o.e.n.Node               ] [node-1] initialized
[2019-12-31T20:34:41,536][INFO ][o.e.n.Node               ] [node-1] starting ...
[2019-12-31T20:34:42,244][INFO ][o.e.t.TransportService   ] [node-1] publish_address {127.0.0.1:9300}, bound_addresses {127.0.0.1:9300}, {[::1]:9300}
[2019-12-31T20:34:42,437][INFO ][o.e.c.c.Coordinator      ] [node-1] cluster UUID [GPFlUijaTS-FIFPI6uhkXQ]
[2019-12-31T20:34:42,594][INFO ][o.e.c.s.MasterService    ] [node-1] elected-as-master ([1] nodes joined)[{node-1}{PX_sO-0FQ_SA4PSHIXUgxw}{X9OH5iK4Q9q69yZo37dgiQ}{127.0.0.1}{127.0.0.1:9300}{dilm}{ml.machine_memory=8395399168, xpack.installed=true, ml.max_open_jobs=20} elect leader, _BECOME_MASTER_TASK_, _FINISH_ELECTION_], term: 4, version: 25, delta: master node changed {previous [], current [{node-1}{PX_sO-0FQ_SA4PSHIXUgxw}{X9OH5iK4Q9q69yZo37dgiQ}{127.0.0.1}{127.0.0.1:9300}{dilm}{ml.machine_memory=8395399168, xpack.installed=true, ml.max_open_jobs=20}]}
[2019-12-31T20:34:42,673][INFO ][o.e.c.s.ClusterApplierService] [node-1] master node changed {previous [], current [{node-1}{PX_sO-0FQ_SA4PSHIXUgxw}{X9OH5iK4Q9q69yZo37dgiQ}{127.0.0.1}{127.0.0.1:9300}{dilm}{ml.machine_memory=8395399168, xpack.installed=true, ml.max_open_jobs=20}]}, term: 4, version: 25, reason: Publication{term=4, version=25}
[2019-12-31T20:34:42,974][INFO ][o.e.l.LicenseService     ] [node-1] license [107bf435-094b-421d-a5b8-a76a0bdc1859] mode [basic] - valid
[2019-12-31T20:34:42,976][INFO ][o.e.x.s.s.SecurityStatusChangeListener] [node-1] Active license is now [BASIC]; Security is disabled
[2019-12-31T20:34:42,985][INFO ][o.e.g.GatewayService     ] [node-1] recovered [0] indices into cluster_state
[2019-12-31T20:34:43,084][INFO ][o.e.h.AbstractHttpServerTransport] [node-1] publish_address {127.0.0.1:9201}, bound_addresses {127.0.0.1:9201}, {[::1]:9201}
[2019-12-31T20:34:43,085][INFO ][o.e.n.Node               ] [node-1] started
[2019-12-31T20:36:32,048][INFO ][o.e.n.Node               ] [node-1] stopping ...
[2019-12-31T20:36:32,076][INFO ][o.e.x.w.WatcherService   ] [node-1] stopping watch service, reason [shutdown initiated]
[2019-12-31T20:36:32,079][INFO ][o.e.x.w.WatcherLifeCycleService] [node-1] watcher has stopped and shutdown
[2019-12-31T20:36:32,302][INFO ][o.e.x.m.p.l.CppLogMessageHandler] [node-1] [controller/13252] [Main.cc@150] Ml controller exiting
[2019-12-31T20:36:32,304][INFO ][o.e.x.m.p.NativeController] [node-1] Native controller process has stopped - no new native processes can be started
[2019-12-31T20:36:32,305][INFO ][o.e.n.Node               ] [node-1] stopped
[2019-12-31T20:36:32,319][INFO ][o.e.n.Node               ] [node-1] closing ...
[2019-12-31T20:36:32,335][INFO ][o.e.n.Node               ] [node-1] closed
[2019-12-31T20:36:56,580][INFO ][o.e.e.NodeEnvironment    ] [node-1] using [1] data paths, mounts [[OS (C:)]], net usable_space [130.9gb], net total_space [237.4gb], types [NTFS]
[2019-12-31T20:36:56,582][INFO ][o.e.e.NodeEnvironment    ] [node-1] heap size [989.8mb], compressed ordinary object pointers [true]
[2019-12-31T20:36:56,589][INFO ][o.e.n.Node               ] [node-1] node name [node-1], node ID [PX_sO-0FQ_SA4PSHIXUgxw], cluster name [adi-proggrammer]
[2019-12-31T20:36:56,590][INFO ][o.e.n.Node               ] [node-1] version[7.5.1], pid[12688], build[default/zip/3ae9ac9a93c95bd0cdc054951cf95d88e1e18d96/2019-12-16T22:57:37.835892Z], OS[Windows 10/10.0/amd64], JVM[Oracle Corporation/Java HotSpot(TM) 64-Bit Server VM/1.8.0_231/25.231-b11]
[2019-12-31T20:36:56,591][INFO ][o.e.n.Node               ] [node-1] JVM home [C:\Program Files\Java\jdk1.8.0_231\jre]
[2019-12-31T20:36:56,592][INFO ][o.e.n.Node               ] [node-1] JVM arguments [-Des.networkaddress.cache.ttl=60, -Des.networkaddress.cache.negative.ttl=10, -XX:+AlwaysPreTouch, -Xss1m, -Djava.awt.headless=true, -Dfile.encoding=UTF-8, -Djna.nosys=true, -XX:-OmitStackTraceInFastThrow, -Dio.netty.noUnsafe=true, -Dio.netty.noKeySetOptimization=true, -Dio.netty.recycler.maxCapacityPerThread=0, -Dio.netty.allocator.numDirectArenas=0, -Dlog4j.shutdownHookEnabled=false, -Dlog4j2.disable.jmx=true, -Djava.locale.providers=COMPAT, -Xms1g, -Xmx1g, -XX:+UseConcMarkSweepGC, -XX:CMSInitiatingOccupancyFraction=75, -XX:+UseCMSInitiatingOccupancyOnly, -Djava.io.tmpdir=C:\Users\adyfa\AppData\Local\Temp\elasticsearch, -XX:+HeapDumpOnOutOfMemoryError, -XX:HeapDumpPath=data, -XX:ErrorFile=logs/hs_err_pid%p.log, -XX:+PrintGCDetails, -XX:+PrintGCDateStamps, -XX:+PrintTenuringDistribution, -XX:+PrintGCApplicationStoppedTime, -Xloggc:logs/gc.log, -XX:+UseGCLogFileRotation, -XX:NumberOfGCLogFiles=32, -XX:GCLogFileSize=64m, -XX:MaxDirectMemorySize=536870912, -Delasticsearch, -Des.path.home=C:\Users\adyfa\Downloads\elasticsearch-3node\elasticsearch-7.5.1 - node 1, -Des.path.conf=C:\Users\adyfa\Downloads\elasticsearch-3node\elasticsearch-7.5.1 - node 1\config, -Des.distribution.flavor=default, -Des.distribution.type=zip, -Des.bundled_jdk=true]
[2019-12-31T20:36:58,937][INFO ][o.e.p.PluginsService     ] [node-1] loaded module [aggs-matrix-stats]
[2019-12-31T20:36:58,937][INFO ][o.e.p.PluginsService     ] [node-1] loaded module [analysis-common]
[2019-12-31T20:36:58,938][INFO ][o.e.p.PluginsService     ] [node-1] loaded module [flattened]
[2019-12-31T20:36:58,938][INFO ][o.e.p.PluginsService     ] [node-1] loaded module [frozen-indices]
[2019-12-31T20:36:58,938][INFO ][o.e.p.PluginsService     ] [node-1] loaded module [ingest-common]
[2019-12-31T20:36:58,939][INFO ][o.e.p.PluginsService     ] [node-1] loaded module [ingest-geoip]
[2019-12-31T20:36:58,939][INFO ][o.e.p.PluginsService     ] [node-1] loaded module [ingest-user-agent]
[2019-12-31T20:36:58,939][INFO ][o.e.p.PluginsService     ] [node-1] loaded module [lang-expression]
[2019-12-31T20:36:58,941][INFO ][o.e.p.PluginsService     ] [node-1] loaded module [lang-mustache]
[2019-12-31T20:36:58,942][INFO ][o.e.p.PluginsService     ] [node-1] loaded module [lang-painless]
[2019-12-31T20:36:58,944][INFO ][o.e.p.PluginsService     ] [node-1] loaded module [mapper-extras]
[2019-12-31T20:36:58,963][INFO ][o.e.p.PluginsService     ] [node-1] loaded module [parent-join]
[2019-12-31T20:36:58,964][INFO ][o.e.p.PluginsService     ] [node-1] loaded module [percolator]
[2019-12-31T20:36:58,965][INFO ][o.e.p.PluginsService     ] [node-1] loaded module [rank-eval]
[2019-12-31T20:36:58,966][INFO ][o.e.p.PluginsService     ] [node-1] loaded module [reindex]
[2019-12-31T20:36:58,967][INFO ][o.e.p.PluginsService     ] [node-1] loaded module [repository-url]
[2019-12-31T20:36:58,968][INFO ][o.e.p.PluginsService     ] [node-1] loaded module [search-business-rules]
[2019-12-31T20:36:58,968][INFO ][o.e.p.PluginsService     ] [node-1] loaded module [spatial]
[2019-12-31T20:36:58,969][INFO ][o.e.p.PluginsService     ] [node-1] loaded module [transform]
[2019-12-31T20:36:58,969][INFO ][o.e.p.PluginsService     ] [node-1] loaded module [transport-netty4]
[2019-12-31T20:36:58,970][INFO ][o.e.p.PluginsService     ] [node-1] loaded module [vectors]
[2019-12-31T20:36:58,970][INFO ][o.e.p.PluginsService     ] [node-1] loaded module [x-pack-analytics]
[2019-12-31T20:36:58,971][INFO ][o.e.p.PluginsService     ] [node-1] loaded module [x-pack-ccr]
[2019-12-31T20:36:58,971][INFO ][o.e.p.PluginsService     ] [node-1] loaded module [x-pack-core]
[2019-12-31T20:36:58,972][INFO ][o.e.p.PluginsService     ] [node-1] loaded module [x-pack-deprecation]
[2019-12-31T20:36:58,973][INFO ][o.e.p.PluginsService     ] [node-1] loaded module [x-pack-enrich]
[2019-12-31T20:36:58,973][INFO ][o.e.p.PluginsService     ] [node-1] loaded module [x-pack-graph]
[2019-12-31T20:36:58,973][INFO ][o.e.p.PluginsService     ] [node-1] loaded module [x-pack-ilm]
[2019-12-31T20:36:58,974][INFO ][o.e.p.PluginsService     ] [node-1] loaded module [x-pack-logstash]
[2019-12-31T20:36:58,974][INFO ][o.e.p.PluginsService     ] [node-1] loaded module [x-pack-ml]
[2019-12-31T20:36:58,975][INFO ][o.e.p.PluginsService     ] [node-1] loaded module [x-pack-monitoring]
[2019-12-31T20:36:58,990][INFO ][o.e.p.PluginsService     ] [node-1] loaded module [x-pack-rollup]
[2019-12-31T20:36:58,992][INFO ][o.e.p.PluginsService     ] [node-1] loaded module [x-pack-security]
[2019-12-31T20:36:59,006][INFO ][o.e.p.PluginsService     ] [node-1] loaded module [x-pack-sql]
[2019-12-31T20:36:59,008][INFO ][o.e.p.PluginsService     ] [node-1] loaded module [x-pack-voting-only-node]
[2019-12-31T20:36:59,009][INFO ][o.e.p.PluginsService     ] [node-1] loaded module [x-pack-watcher]
[2019-12-31T20:36:59,024][INFO ][o.e.p.PluginsService     ] [node-1] no plugins loaded
[2019-12-31T20:37:02,591][INFO ][o.e.x.s.a.s.FileRolesStore] [node-1] parsed [0] roles from file [C:\Users\adyfa\Downloads\elasticsearch-3node\elasticsearch-7.5.1 - node 1\config\roles.yml]
[2019-12-31T20:37:03,247][INFO ][o.e.x.m.p.l.CppLogMessageHandler] [node-1] [controller/7416] [Main.cc@110] controller (64 bit): Version 7.5.1 (Build ae3c3c51b849be) Copyright (c) 2019 Elasticsearch BV
[2019-12-31T20:37:03,819][DEBUG][o.e.a.ActionModule       ] [node-1] Using REST wrapper from plugin org.elasticsearch.xpack.security.Security
[2019-12-31T20:37:03,958][INFO ][o.e.d.DiscoveryModule    ] [node-1] using discovery type [zen] and seed hosts providers [settings]
[2019-12-31T20:37:04,713][INFO ][o.e.n.Node               ] [node-1] initialized
[2019-12-31T20:37:04,714][INFO ][o.e.n.Node               ] [node-1] starting ...
[2019-12-31T20:37:05,356][INFO ][o.e.t.TransportService   ] [node-1] publish_address {127.0.0.1:9300}, bound_addresses {127.0.0.1:9300}, {[::1]:9300}
[2019-12-31T20:37:05,539][INFO ][o.e.c.c.Coordinator      ] [node-1] cluster UUID [GPFlUijaTS-FIFPI6uhkXQ]
[2019-12-31T20:37:05,655][INFO ][o.e.c.s.MasterService    ] [node-1] elected-as-master ([1] nodes joined)[{node-1}{PX_sO-0FQ_SA4PSHIXUgxw}{j3gBjDIfToSFoO2dwnyCdQ}{127.0.0.1}{127.0.0.1:9300}{dilm}{ml.machine_memory=8395399168, xpack.installed=true, ml.max_open_jobs=20} elect leader, _BECOME_MASTER_TASK_, _FINISH_ELECTION_], term: 5, version: 28, delta: master node changed {previous [], current [{node-1}{PX_sO-0FQ_SA4PSHIXUgxw}{j3gBjDIfToSFoO2dwnyCdQ}{127.0.0.1}{127.0.0.1:9300}{dilm}{ml.machine_memory=8395399168, xpack.installed=true, ml.max_open_jobs=20}]}
[2019-12-31T20:37:05,730][INFO ][o.e.c.s.ClusterApplierService] [node-1] master node changed {previous [], current [{node-1}{PX_sO-0FQ_SA4PSHIXUgxw}{j3gBjDIfToSFoO2dwnyCdQ}{127.0.0.1}{127.0.0.1:9300}{dilm}{ml.machine_memory=8395399168, xpack.installed=true, ml.max_open_jobs=20}]}, term: 5, version: 28, reason: Publication{term=5, version=28}
[2019-12-31T20:37:05,974][INFO ][o.e.l.LicenseService     ] [node-1] license [107bf435-094b-421d-a5b8-a76a0bdc1859] mode [basic] - valid
[2019-12-31T20:37:05,976][INFO ][o.e.x.s.s.SecurityStatusChangeListener] [node-1] Active license is now [BASIC]; Security is disabled
[2019-12-31T20:37:05,984][INFO ][o.e.g.GatewayService     ] [node-1] recovered [0] indices into cluster_state
[2019-12-31T20:37:06,073][INFO ][o.e.h.AbstractHttpServerTransport] [node-1] publish_address {127.0.0.1:9201}, bound_addresses {127.0.0.1:9201}, {[::1]:9201}
[2019-12-31T20:37:06,074][INFO ][o.e.n.Node               ] [node-1] started
[2019-12-31T20:39:09,838][INFO ][o.e.n.Node               ] [node-1] stopping ...
[2019-12-31T20:39:09,853][INFO ][o.e.x.w.WatcherService   ] [node-1] stopping watch service, reason [shutdown initiated]
[2019-12-31T20:39:09,862][INFO ][o.e.x.w.WatcherLifeCycleService] [node-1] watcher has stopped and shutdown
[2019-12-31T20:39:10,152][INFO ][o.e.x.m.p.l.CppLogMessageHandler] [node-1] [controller/7416] [Main.cc@150] Ml controller exiting
[2019-12-31T20:39:10,155][INFO ][o.e.x.m.p.NativeController] [node-1] Native controller process has stopped - no new native processes can be started
[2019-12-31T20:39:10,185][INFO ][o.e.n.Node               ] [node-1] stopped
[2019-12-31T20:39:10,191][INFO ][o.e.n.Node               ] [node-1] closing ...
[2019-12-31T20:39:10,204][INFO ][o.e.n.Node               ] [node-1] closed
[2019-12-31T20:39:26,688][INFO ][o.e.e.NodeEnvironment    ] [node-1] using [1] data paths, mounts [[OS (C:)]], net usable_space [130.9gb], net total_space [237.4gb], types [NTFS]
[2019-12-31T20:39:26,691][INFO ][o.e.e.NodeEnvironment    ] [node-1] heap size [989.8mb], compressed ordinary object pointers [true]
[2019-12-31T20:39:26,697][INFO ][o.e.n.Node               ] [node-1] node name [node-1], node ID [pQHBNG6VTuuhso_zpKR6kg], cluster name [adi-proggrammer]
[2019-12-31T20:39:26,705][INFO ][o.e.n.Node               ] [node-1] version[7.5.1], pid[3020], build[default/zip/3ae9ac9a93c95bd0cdc054951cf95d88e1e18d96/2019-12-16T22:57:37.835892Z], OS[Windows 10/10.0/amd64], JVM[Oracle Corporation/Java HotSpot(TM) 64-Bit Server VM/1.8.0_231/25.231-b11]
[2019-12-31T20:39:26,706][INFO ][o.e.n.Node               ] [node-1] JVM home [C:\Program Files\Java\jdk1.8.0_231\jre]
[2019-12-31T20:39:26,708][INFO ][o.e.n.Node               ] [node-1] JVM arguments [-Des.networkaddress.cache.ttl=60, -Des.networkaddress.cache.negative.ttl=10, -XX:+AlwaysPreTouch, -Xss1m, -Djava.awt.headless=true, -Dfile.encoding=UTF-8, -Djna.nosys=true, -XX:-OmitStackTraceInFastThrow, -Dio.netty.noUnsafe=true, -Dio.netty.noKeySetOptimization=true, -Dio.netty.recycler.maxCapacityPerThread=0, -Dio.netty.allocator.numDirectArenas=0, -Dlog4j.shutdownHookEnabled=false, -Dlog4j2.disable.jmx=true, -Djava.locale.providers=COMPAT, -Xms1g, -Xmx1g, -XX:+UseConcMarkSweepGC, -XX:CMSInitiatingOccupancyFraction=75, -XX:+UseCMSInitiatingOccupancyOnly, -Djava.io.tmpdir=C:\Users\adyfa\AppData\Local\Temp\elasticsearch, -XX:+HeapDumpOnOutOfMemoryError, -XX:HeapDumpPath=data, -XX:ErrorFile=logs/hs_err_pid%p.log, -XX:+PrintGCDetails, -XX:+PrintGCDateStamps, -XX:+PrintTenuringDistribution, -XX:+PrintGCApplicationStoppedTime, -Xloggc:logs/gc.log, -XX:+UseGCLogFileRotation, -XX:NumberOfGCLogFiles=32, -XX:GCLogFileSize=64m, -XX:MaxDirectMemorySize=536870912, -Delasticsearch, -Des.path.home=C:\Users\adyfa\Downloads\elasticsearch-3node\elasticsearch-7.5.1 - node 1, -Des.path.conf=C:\Users\adyfa\Downloads\elasticsearch-3node\elasticsearch-7.5.1 - node 1\config, -Des.distribution.flavor=default, -Des.distribution.type=zip, -Des.bundled_jdk=true]
[2019-12-31T20:39:29,089][INFO ][o.e.p.PluginsService     ] [node-1] loaded module [aggs-matrix-stats]
[2019-12-31T20:39:29,090][INFO ][o.e.p.PluginsService     ] [node-1] loaded module [analysis-common]
[2019-12-31T20:39:29,093][INFO ][o.e.p.PluginsService     ] [node-1] loaded module [flattened]
[2019-12-31T20:39:29,095][INFO ][o.e.p.PluginsService     ] [node-1] loaded module [frozen-indices]
[2019-12-31T20:39:29,096][INFO ][o.e.p.PluginsService     ] [node-1] loaded module [ingest-common]
[2019-12-31T20:39:29,097][INFO ][o.e.p.PluginsService     ] [node-1] loaded module [ingest-geoip]
[2019-12-31T20:39:29,098][INFO ][o.e.p.PluginsService     ] [node-1] loaded module [ingest-user-agent]
[2019-12-31T20:39:29,099][INFO ][o.e.p.PluginsService     ] [node-1] loaded module [lang-expression]
[2019-12-31T20:39:29,100][INFO ][o.e.p.PluginsService     ] [node-1] loaded module [lang-mustache]
[2019-12-31T20:39:29,101][INFO ][o.e.p.PluginsService     ] [node-1] loaded module [lang-painless]
[2019-12-31T20:39:29,123][INFO ][o.e.p.PluginsService     ] [node-1] loaded module [mapper-extras]
[2019-12-31T20:39:29,124][INFO ][o.e.p.PluginsService     ] [node-1] loaded module [parent-join]
[2019-12-31T20:39:29,125][INFO ][o.e.p.PluginsService     ] [node-1] loaded module [percolator]
[2019-12-31T20:39:29,125][INFO ][o.e.p.PluginsService     ] [node-1] loaded module [rank-eval]
[2019-12-31T20:39:29,126][INFO ][o.e.p.PluginsService     ] [node-1] loaded module [reindex]
[2019-12-31T20:39:29,127][INFO ][o.e.p.PluginsService     ] [node-1] loaded module [repository-url]
[2019-12-31T20:39:29,127][INFO ][o.e.p.PluginsService     ] [node-1] loaded module [search-business-rules]
[2019-12-31T20:39:29,128][INFO ][o.e.p.PluginsService     ] [node-1] loaded module [spatial]
[2019-12-31T20:39:29,147][INFO ][o.e.p.PluginsService     ] [node-1] loaded module [transform]
[2019-12-31T20:39:29,148][INFO ][o.e.p.PluginsService     ] [node-1] loaded module [transport-netty4]
[2019-12-31T20:39:29,149][INFO ][o.e.p.PluginsService     ] [node-1] loaded module [vectors]
[2019-12-31T20:39:29,155][INFO ][o.e.p.PluginsService     ] [node-1] loaded module [x-pack-analytics]
[2019-12-31T20:39:29,157][INFO ][o.e.p.PluginsService     ] [node-1] loaded module [x-pack-ccr]
[2019-12-31T20:39:29,157][INFO ][o.e.p.PluginsService     ] [node-1] loaded module [x-pack-core]
[2019-12-31T20:39:29,158][INFO ][o.e.p.PluginsService     ] [node-1] loaded module [x-pack-deprecation]
[2019-12-31T20:39:29,158][INFO ][o.e.p.PluginsService     ] [node-1] loaded module [x-pack-enrich]
[2019-12-31T20:39:29,159][INFO ][o.e.p.PluginsService     ] [node-1] loaded module [x-pack-graph]
[2019-12-31T20:39:29,159][INFO ][o.e.p.PluginsService     ] [node-1] loaded module [x-pack-ilm]
[2019-12-31T20:39:29,160][INFO ][o.e.p.PluginsService     ] [node-1] loaded module [x-pack-logstash]
[2019-12-31T20:39:29,160][INFO ][o.e.p.PluginsService     ] [node-1] loaded module [x-pack-ml]
[2019-12-31T20:39:29,161][INFO ][o.e.p.PluginsService     ] [node-1] loaded module [x-pack-monitoring]
[2019-12-31T20:39:29,162][INFO ][o.e.p.PluginsService     ] [node-1] loaded module [x-pack-rollup]
[2019-12-31T20:39:29,207][INFO ][o.e.p.PluginsService     ] [node-1] loaded module [x-pack-security]
[2019-12-31T20:39:29,211][INFO ][o.e.p.PluginsService     ] [node-1] loaded module [x-pack-sql]
[2019-12-31T20:39:29,211][INFO ][o.e.p.PluginsService     ] [node-1] loaded module [x-pack-voting-only-node]
[2019-12-31T20:39:29,212][INFO ][o.e.p.PluginsService     ] [node-1] loaded module [x-pack-watcher]
[2019-12-31T20:39:29,213][INFO ][o.e.p.PluginsService     ] [node-1] no plugins loaded
[2019-12-31T20:39:32,516][INFO ][o.e.x.s.a.s.FileRolesStore] [node-1] parsed [0] roles from file [C:\Users\adyfa\Downloads\elasticsearch-3node\elasticsearch-7.5.1 - node 1\config\roles.yml]
[2019-12-31T20:39:33,114][INFO ][o.e.x.m.p.l.CppLogMessageHandler] [node-1] [controller/8864] [Main.cc@110] controller (64 bit): Version 7.5.1 (Build ae3c3c51b849be) Copyright (c) 2019 Elasticsearch BV
[2019-12-31T20:39:33,603][DEBUG][o.e.a.ActionModule       ] [node-1] Using REST wrapper from plugin org.elasticsearch.xpack.security.Security
[2019-12-31T20:39:33,741][INFO ][o.e.d.DiscoveryModule    ] [node-1] using discovery type [zen] and seed hosts providers [settings]
[2019-12-31T20:39:34,503][INFO ][o.e.n.Node               ] [node-1] initialized
[2019-12-31T20:39:34,504][INFO ][o.e.n.Node               ] [node-1] starting ...
[2019-12-31T20:39:35,149][INFO ][o.e.t.TransportService   ] [node-1] publish_address {127.0.0.1:9300}, bound_addresses {127.0.0.1:9300}, {[::1]:9300}
[2019-12-31T20:39:45,292][WARN ][o.e.c.c.ClusterFormationFailureHelper] [node-1] master not discovered yet, this node has not previously joined a bootstrapped (v7+) cluster, and this node must discover master-eligible nodes [node-1, node-2, node-3] to bootstrap a cluster: have discovered [{node-1}{pQHBNG6VTuuhso_zpKR6kg}{ksYIBle-Qx62EFcKEwQs_g}{127.0.0.1}{127.0.0.1:9300}{dilm}{ml.machine_memory=8395399168, xpack.installed=true, ml.max_open_jobs=20}]; discovery will continue using [] from hosts providers and [{node-1}{pQHBNG6VTuuhso_zpKR6kg}{ksYIBle-Qx62EFcKEwQs_g}{127.0.0.1}{127.0.0.1:9300}{dilm}{ml.machine_memory=8395399168, xpack.installed=true, ml.max_open_jobs=20}] from last-known cluster state; node term 0, last-accepted version 0 in term 0
[2019-12-31T20:39:55,316][WARN ][o.e.c.c.ClusterFormationFailureHelper] [node-1] master not discovered yet, this node has not previously joined a bootstrapped (v7+) cluster, and this node must discover master-eligible nodes [node-1, node-2, node-3] to bootstrap a cluster: have discovered [{node-1}{pQHBNG6VTuuhso_zpKR6kg}{ksYIBle-Qx62EFcKEwQs_g}{127.0.0.1}{127.0.0.1:9300}{dilm}{ml.machine_memory=8395399168, xpack.installed=true, ml.max_open_jobs=20}]; discovery will continue using [] from hosts providers and [{node-1}{pQHBNG6VTuuhso_zpKR6kg}{ksYIBle-Qx62EFcKEwQs_g}{127.0.0.1}{127.0.0.1:9300}{dilm}{ml.machine_memory=8395399168, xpack.installed=true, ml.max_open_jobs=20}] from last-known cluster state; node term 0, last-accepted version 0 in term 0
[2019-12-31T20:40:05,295][WARN ][o.e.n.Node               ] [node-1] timed out while waiting for initial discovery state - timeout: 30s
[2019-12-31T20:40:05,319][WARN ][o.e.c.c.ClusterFormationFailureHelper] [node-1] master not discovered yet, this node has not previously joined a bootstrapped (v7+) cluster, and this node must discover master-eligible nodes [node-1, node-2, node-3] to bootstrap a cluster: have discovered [{node-1}{pQHBNG6VTuuhso_zpKR6kg}{ksYIBle-Qx62EFcKEwQs_g}{127.0.0.1}{127.0.0.1:9300}{dilm}{ml.machine_memory=8395399168, xpack.installed=true, ml.max_open_jobs=20}]; discovery will continue using [] from hosts providers and [{node-1}{pQHBNG6VTuuhso_zpKR6kg}{ksYIBle-Qx62EFcKEwQs_g}{127.0.0.1}{127.0.0.1:9300}{dilm}{ml.machine_memory=8395399168, xpack.installed=true, ml.max_open_jobs=20}] from last-known cluster state; node term 0, last-accepted version 0 in term 0
[2019-12-31T20:40:05,640][INFO ][o.e.h.AbstractHttpServerTransport] [node-1] publish_address {127.0.0.1:9201}, bound_addresses {127.0.0.1:9201}, {[::1]:9201}
[2019-12-31T20:40:05,641][INFO ][o.e.n.Node               ] [node-1] started
[2019-12-31T20:40:15,321][WARN ][o.e.c.c.ClusterFormationFailureHelper] [node-1] master not discovered yet, this node has not previously joined a bootstrapped (v7+) cluster, and this node must discover master-eligible nodes [node-1, node-2, node-3] to bootstrap a cluster: have discovered [{node-1}{pQHBNG6VTuuhso_zpKR6kg}{ksYIBle-Qx62EFcKEwQs_g}{127.0.0.1}{127.0.0.1:9300}{dilm}{ml.machine_memory=8395399168, xpack.installed=true, ml.max_open_jobs=20}]; discovery will continue using [] from hosts providers and [{node-1}{pQHBNG6VTuuhso_zpKR6kg}{ksYIBle-Qx62EFcKEwQs_g}{127.0.0.1}{127.0.0.1:9300}{dilm}{ml.machine_memory=8395399168, xpack.installed=true, ml.max_open_jobs=20}] from last-known cluster state; node term 0, last-accepted version 0 in term 0
[2019-12-31T20:40:17,068][INFO ][o.e.c.c.Coordinator      ] [node-1] setting initial configuration to VotingConfiguration{pQHBNG6VTuuhso_zpKR6kg,JHzY3tnvRuCzUU1bkFZdng,{bootstrap-placeholder}-node-2}
[2019-12-31T20:40:17,171][INFO ][o.e.c.c.CoordinationState] [node-1] cluster UUID set to [UdMXm-tTRECnDxdcqm9kjA]
[2019-12-31T20:40:17,225][INFO ][o.e.c.s.ClusterApplierService] [node-1] master node changed {previous [], current [{node-3}{JHzY3tnvRuCzUU1bkFZdng}{7MMgLdJWRoK7RUEFM9FvUA}{127.0.0.1}{127.0.0.1:9301}{dilm}{ml.machine_memory=8395399168, ml.max_open_jobs=20, xpack.installed=true}]}, added {{node-3}{JHzY3tnvRuCzUU1bkFZdng}{7MMgLdJWRoK7RUEFM9FvUA}{127.0.0.1}{127.0.0.1:9301}{dilm}{ml.machine_memory=8395399168, ml.max_open_jobs=20, xpack.installed=true}}, term: 1, version: 1, reason: ApplyCommitRequest{term=1, version=1, sourceNode={node-3}{JHzY3tnvRuCzUU1bkFZdng}{7MMgLdJWRoK7RUEFM9FvUA}{127.0.0.1}{127.0.0.1:9301}{dilm}{ml.machine_memory=8395399168, ml.max_open_jobs=20, xpack.installed=true}}
[2019-12-31T20:40:17,356][INFO ][o.e.x.m.e.l.LocalExporter] [node-1] waiting for elected master node [{node-3}{JHzY3tnvRuCzUU1bkFZdng}{7MMgLdJWRoK7RUEFM9FvUA}{127.0.0.1}{127.0.0.1:9301}{dilm}{ml.machine_memory=8395399168, ml.max_open_jobs=20, xpack.installed=true}] to setup local exporter [default_local] (does it have x-pack installed?)
[2019-12-31T20:40:17,546][INFO ][o.e.x.s.a.TokenService   ] [node-1] refresh keys
[2019-12-31T20:40:17,828][INFO ][o.e.x.s.a.TokenService   ] [node-1] refreshed keys
[2019-12-31T20:40:17,839][INFO ][o.e.x.m.e.l.LocalExporter] [node-1] waiting for elected master node [{node-3}{JHzY3tnvRuCzUU1bkFZdng}{7MMgLdJWRoK7RUEFM9FvUA}{127.0.0.1}{127.0.0.1:9301}{dilm}{ml.machine_memory=8395399168, ml.max_open_jobs=20, xpack.installed=true}] to setup local exporter [default_local] (does it have x-pack installed?)
[2019-12-31T20:40:18,050][INFO ][o.e.x.m.e.l.LocalExporter] [node-1] waiting for elected master node [{node-3}{JHzY3tnvRuCzUU1bkFZdng}{7MMgLdJWRoK7RUEFM9FvUA}{127.0.0.1}{127.0.0.1:9301}{dilm}{ml.machine_memory=8395399168, ml.max_open_jobs=20, xpack.installed=true}] to setup local exporter [default_local] (does it have x-pack installed?)
[2019-12-31T20:40:18,134][INFO ][o.e.x.m.e.l.LocalExporter] [node-1] waiting for elected master node [{node-3}{JHzY3tnvRuCzUU1bkFZdng}{7MMgLdJWRoK7RUEFM9FvUA}{127.0.0.1}{127.0.0.1:9301}{dilm}{ml.machine_memory=8395399168, ml.max_open_jobs=20, xpack.installed=true}] to setup local exporter [default_local] (does it have x-pack installed?)
[2019-12-31T20:40:18,201][INFO ][o.e.x.m.e.l.LocalExporter] [node-1] waiting for elected master node [{node-3}{JHzY3tnvRuCzUU1bkFZdng}{7MMgLdJWRoK7RUEFM9FvUA}{127.0.0.1}{127.0.0.1:9301}{dilm}{ml.machine_memory=8395399168, ml.max_open_jobs=20, xpack.installed=true}] to setup local exporter [default_local] (does it have x-pack installed?)
[2019-12-31T20:40:18,269][INFO ][o.e.x.m.e.l.LocalExporter] [node-1] waiting for elected master node [{node-3}{JHzY3tnvRuCzUU1bkFZdng}{7MMgLdJWRoK7RUEFM9FvUA}{127.0.0.1}{127.0.0.1:9301}{dilm}{ml.machine_memory=8395399168, ml.max_open_jobs=20, xpack.installed=true}] to setup local exporter [default_local] (does it have x-pack installed?)
[2019-12-31T20:40:18,342][INFO ][o.e.x.m.e.l.LocalExporter] [node-1] waiting for elected master node [{node-3}{JHzY3tnvRuCzUU1bkFZdng}{7MMgLdJWRoK7RUEFM9FvUA}{127.0.0.1}{127.0.0.1:9301}{dilm}{ml.machine_memory=8395399168, ml.max_open_jobs=20, xpack.installed=true}] to setup local exporter [default_local] (does it have x-pack installed?)
[2019-12-31T20:40:18,441][INFO ][o.e.x.m.e.l.LocalExporter] [node-1] waiting for elected master node [{node-3}{JHzY3tnvRuCzUU1bkFZdng}{7MMgLdJWRoK7RUEFM9FvUA}{127.0.0.1}{127.0.0.1:9301}{dilm}{ml.machine_memory=8395399168, ml.max_open_jobs=20, xpack.installed=true}] to setup local exporter [default_local] (does it have x-pack installed?)
[2019-12-31T20:40:18,528][INFO ][o.e.x.m.e.l.LocalExporter] [node-1] waiting for elected master node [{node-3}{JHzY3tnvRuCzUU1bkFZdng}{7MMgLdJWRoK7RUEFM9FvUA}{127.0.0.1}{127.0.0.1:9301}{dilm}{ml.machine_memory=8395399168, ml.max_open_jobs=20, xpack.installed=true}] to setup local exporter [default_local] (does it have x-pack installed?)
[2019-12-31T20:40:18,598][INFO ][o.e.x.m.e.l.LocalExporter] [node-1] waiting for elected master node [{node-3}{JHzY3tnvRuCzUU1bkFZdng}{7MMgLdJWRoK7RUEFM9FvUA}{127.0.0.1}{127.0.0.1:9301}{dilm}{ml.machine_memory=8395399168, ml.max_open_jobs=20, xpack.installed=true}] to setup local exporter [default_local] (does it have x-pack installed?)
[2019-12-31T20:40:18,678][INFO ][o.e.x.m.e.l.LocalExporter] [node-1] waiting for elected master node [{node-3}{JHzY3tnvRuCzUU1bkFZdng}{7MMgLdJWRoK7RUEFM9FvUA}{127.0.0.1}{127.0.0.1:9301}{dilm}{ml.machine_memory=8395399168, ml.max_open_jobs=20, xpack.installed=true}] to setup local exporter [default_local] (does it have x-pack installed?)
[2019-12-31T20:40:18,745][INFO ][o.e.x.m.e.l.LocalExporter] [node-1] waiting for elected master node [{node-3}{JHzY3tnvRuCzUU1bkFZdng}{7MMgLdJWRoK7RUEFM9FvUA}{127.0.0.1}{127.0.0.1:9301}{dilm}{ml.machine_memory=8395399168, ml.max_open_jobs=20, xpack.installed=true}] to setup local exporter [default_local] (does it have x-pack installed?)
[2019-12-31T20:40:18,807][INFO ][o.e.x.m.e.l.LocalExporter] [node-1] waiting for elected master node [{node-3}{JHzY3tnvRuCzUU1bkFZdng}{7MMgLdJWRoK7RUEFM9FvUA}{127.0.0.1}{127.0.0.1:9301}{dilm}{ml.machine_memory=8395399168, ml.max_open_jobs=20, xpack.installed=true}] to setup local exporter [default_local] (does it have x-pack installed?)
[2019-12-31T20:40:18,935][INFO ][o.e.l.LicenseService     ] [node-1] license [db864fd4-16b0-474a-83dc-6d5c2bccd2c9] mode [basic] - valid
[2019-12-31T20:40:18,936][INFO ][o.e.x.s.s.SecurityStatusChangeListener] [node-1] Active license is now [BASIC]; Security is disabled
[2019-12-31T20:40:18,939][INFO ][o.e.x.m.e.l.LocalExporter] [node-1] waiting for elected master node [{node-3}{JHzY3tnvRuCzUU1bkFZdng}{7MMgLdJWRoK7RUEFM9FvUA}{127.0.0.1}{127.0.0.1:9301}{dilm}{ml.machine_memory=8395399168, ml.max_open_jobs=20, xpack.installed=true}] to setup local exporter [default_local] (does it have x-pack installed?)
[2019-12-31T20:40:19,013][INFO ][o.e.x.m.e.l.LocalExporter] [node-1] waiting for elected master node [{node-3}{JHzY3tnvRuCzUU1bkFZdng}{7MMgLdJWRoK7RUEFM9FvUA}{127.0.0.1}{127.0.0.1:9301}{dilm}{ml.machine_memory=8395399168, ml.max_open_jobs=20, xpack.installed=true}] to setup local exporter [default_local] (does it have x-pack installed?)
[2019-12-31T20:41:02,676][INFO ][o.e.c.s.ClusterApplierService] [node-1] added {{node-2}{dajbUUCDT-e8xeqwYlYcwg}{gZ2DfTCiRoiP3xTuWm9rJA}{127.0.0.1}{127.0.0.1:9302}{dilm}{ml.machine_memory=8395399168, ml.max_open_jobs=20, xpack.installed=true}}, term: 1, version: 18, reason: ApplyCommitRequest{term=1, version=18, sourceNode={node-3}{JHzY3tnvRuCzUU1bkFZdng}{7MMgLdJWRoK7RUEFM9FvUA}{127.0.0.1}{127.0.0.1:9301}{dilm}{ml.machine_memory=8395399168, ml.max_open_jobs=20, xpack.installed=true}}
[2019-12-31T20:42:59,455][INFO ][o.e.c.c.Coordinator      ] [node-1] master node [{node-3}{JHzY3tnvRuCzUU1bkFZdng}{7MMgLdJWRoK7RUEFM9FvUA}{127.0.0.1}{127.0.0.1:9301}{dilm}{ml.machine_memory=8395399168, ml.max_open_jobs=20, xpack.installed=true}] failed, restarting discovery
org.elasticsearch.transport.NodeDisconnectedException: [node-3][127.0.0.1:9301][disconnected] disconnected
[2019-12-31T20:42:59,481][INFO ][o.e.c.s.ClusterApplierService] [node-1] master node changed {previous [{node-3}{JHzY3tnvRuCzUU1bkFZdng}{7MMgLdJWRoK7RUEFM9FvUA}{127.0.0.1}{127.0.0.1:9301}{dilm}{ml.machine_memory=8395399168, ml.max_open_jobs=20, xpack.installed=true}], current []}, term: 1, version: 19, reason: becoming candidate: onLeaderFailure
[2019-12-31T20:42:59,601][INFO ][o.e.c.s.MasterService    ] [node-1] elected-as-master ([2] nodes joined)[{node-2}{dajbUUCDT-e8xeqwYlYcwg}{gZ2DfTCiRoiP3xTuWm9rJA}{127.0.0.1}{127.0.0.1:9302}{dilm}{ml.machine_memory=8395399168, ml.max_open_jobs=20, xpack.installed=true} elect leader, {node-1}{pQHBNG6VTuuhso_zpKR6kg}{ksYIBle-Qx62EFcKEwQs_g}{127.0.0.1}{127.0.0.1:9300}{dilm}{ml.machine_memory=8395399168, xpack.installed=true, ml.max_open_jobs=20} elect leader, _BECOME_MASTER_TASK_, _FINISH_ELECTION_], term: 2, version: 20, delta: master node changed {previous [], current [{node-1}{pQHBNG6VTuuhso_zpKR6kg}{ksYIBle-Qx62EFcKEwQs_g}{127.0.0.1}{127.0.0.1:9300}{dilm}{ml.machine_memory=8395399168, xpack.installed=true, ml.max_open_jobs=20}]}
[2019-12-31T20:42:59,674][INFO ][o.e.c.s.ClusterApplierService] [node-1] master node changed {previous [], current [{node-1}{pQHBNG6VTuuhso_zpKR6kg}{ksYIBle-Qx62EFcKEwQs_g}{127.0.0.1}{127.0.0.1:9300}{dilm}{ml.machine_memory=8395399168, xpack.installed=true, ml.max_open_jobs=20}]}, term: 2, version: 20, reason: Publication{term=2, version=20}
[2019-12-31T20:42:59,726][DEBUG][o.e.a.a.c.n.s.TransportNodesStatsAction] [node-1] failed to execute on node [JHzY3tnvRuCzUU1bkFZdng]
org.elasticsearch.transport.NodeNotConnectedException: [node-3][127.0.0.1:9301] Node not connected
	at org.elasticsearch.transport.ConnectionManager.getConnection(ConnectionManager.java:189) ~[elasticsearch-7.5.1.jar:7.5.1]
	at org.elasticsearch.transport.TransportService.getConnection(TransportService.java:617) ~[elasticsearch-7.5.1.jar:7.5.1]
	at org.elasticsearch.transport.TransportService.sendRequest(TransportService.java:589) ~[elasticsearch-7.5.1.jar:7.5.1]
	at org.elasticsearch.action.support.nodes.TransportNodesAction$AsyncAction.start(TransportNodesAction.java:182) ~[elasticsearch-7.5.1.jar:7.5.1]
	at org.elasticsearch.action.support.nodes.TransportNodesAction.doExecute(TransportNodesAction.java:82) ~[elasticsearch-7.5.1.jar:7.5.1]
	at org.elasticsearch.action.support.nodes.TransportNodesAction.doExecute(TransportNodesAction.java:51) ~[elasticsearch-7.5.1.jar:7.5.1]
	at org.elasticsearch.action.support.TransportAction$RequestFilterChain.proceed(TransportAction.java:153) ~[elasticsearch-7.5.1.jar:7.5.1]
	at org.elasticsearch.xpack.security.action.filter.SecurityActionFilter.apply(SecurityActionFilter.java:123) ~[?:?]
	at org.elasticsearch.action.support.TransportAction$RequestFilterChain.proceed(TransportAction.java:151) ~[elasticsearch-7.5.1.jar:7.5.1]
	at org.elasticsearch.action.support.TransportAction.execute(TransportAction.java:129) ~[elasticsearch-7.5.1.jar:7.5.1]
	at org.elasticsearch.action.support.TransportAction.execute(TransportAction.java:64) ~[elasticsearch-7.5.1.jar:7.5.1]
	at org.elasticsearch.client.node.NodeClient.executeLocally(NodeClient.java:83) ~[elasticsearch-7.5.1.jar:7.5.1]
	at org.elasticsearch.client.node.NodeClient.doExecute(NodeClient.java:72) ~[elasticsearch-7.5.1.jar:7.5.1]
	at org.elasticsearch.client.support.AbstractClient.execute(AbstractClient.java:396) ~[elasticsearch-7.5.1.jar:7.5.1]
	at org.elasticsearch.client.support.AbstractClient$ClusterAdmin.execute(AbstractClient.java:685) ~[elasticsearch-7.5.1.jar:7.5.1]
	at org.elasticsearch.client.support.AbstractClient$ClusterAdmin.nodesStats(AbstractClient.java:781) ~[elasticsearch-7.5.1.jar:7.5.1]
	at org.elasticsearch.cluster.InternalClusterInfoService.updateNodeStats(InternalClusterInfoService.java:248) ~[elasticsearch-7.5.1.jar:7.5.1]
	at org.elasticsearch.cluster.InternalClusterInfoService.refresh(InternalClusterInfoService.java:289) ~[elasticsearch-7.5.1.jar:7.5.1]
	at org.elasticsearch.cluster.InternalClusterInfoService.maybeRefresh(InternalClusterInfoService.java:269) ~[elasticsearch-7.5.1.jar:7.5.1]
	at org.elasticsearch.common.util.concurrent.ThreadContext$ContextPreservingRunnable.run(ThreadContext.java:703) [elasticsearch-7.5.1.jar:7.5.1]
	at java.util.concurrent.ThreadPoolExecutor.runWorker(ThreadPoolExecutor.java:1149) [?:1.8.0_231]
	at java.util.concurrent.ThreadPoolExecutor$Worker.run(ThreadPoolExecutor.java:624) [?:1.8.0_231]
	at java.lang.Thread.run(Thread.java:748) [?:1.8.0_231]
[2019-12-31T20:42:59,741][INFO ][o.e.c.s.MasterService    ] [node-1] node-left[{node-3}{JHzY3tnvRuCzUU1bkFZdng}{7MMgLdJWRoK7RUEFM9FvUA}{127.0.0.1}{127.0.0.1:9301}{dilm}{ml.machine_memory=8395399168, ml.max_open_jobs=20, xpack.installed=true} reason: disconnected], term: 2, version: 21, delta: removed {{node-3}{JHzY3tnvRuCzUU1bkFZdng}{7MMgLdJWRoK7RUEFM9FvUA}{127.0.0.1}{127.0.0.1:9301}{dilm}{ml.machine_memory=8395399168, ml.max_open_jobs=20, xpack.installed=true}}
[2019-12-31T20:42:59,786][INFO ][o.e.c.s.ClusterApplierService] [node-1] removed {{node-3}{JHzY3tnvRuCzUU1bkFZdng}{7MMgLdJWRoK7RUEFM9FvUA}{127.0.0.1}{127.0.0.1:9301}{dilm}{ml.machine_memory=8395399168, ml.max_open_jobs=20, xpack.installed=true}}, term: 2, version: 21, reason: Publication{term=2, version=21}
[2019-12-31T20:43:01,495][WARN ][o.e.c.NodeConnectionsService] [node-1] failed to connect to {node-3}{JHzY3tnvRuCzUU1bkFZdng}{7MMgLdJWRoK7RUEFM9FvUA}{127.0.0.1}{127.0.0.1:9301}{dilm}{ml.machine_memory=8395399168, ml.max_open_jobs=20, xpack.installed=true} (tried [1] times)
org.elasticsearch.transport.ConnectTransportException: [node-3][127.0.0.1:9301] connect_exception
	at org.elasticsearch.transport.TcpTransport$ChannelsConnectedListener.onFailure(TcpTransport.java:989) ~[elasticsearch-7.5.1.jar:7.5.1]
	at org.elasticsearch.action.ActionListener.lambda$toBiConsumer$3(ActionListener.java:162) ~[elasticsearch-7.5.1.jar:7.5.1]
	at org.elasticsearch.common.concurrent.CompletableContext.lambda$addListener$0(CompletableContext.java:42) ~[elasticsearch-core-7.5.1.jar:7.5.1]
	at java.util.concurrent.CompletableFuture.uniWhenComplete(CompletableFuture.java:760) ~[?:1.8.0_231]
	at java.util.concurrent.CompletableFuture$UniWhenComplete.tryFire(CompletableFuture.java:736) ~[?:1.8.0_231]
	at java.util.concurrent.CompletableFuture.postComplete(CompletableFuture.java:474) ~[?:1.8.0_231]
	at java.util.concurrent.CompletableFuture.completeExceptionally(CompletableFuture.java:1977) ~[?:1.8.0_231]
	at org.elasticsearch.common.concurrent.CompletableContext.completeExceptionally(CompletableContext.java:57) ~[elasticsearch-core-7.5.1.jar:7.5.1]
	at org.elasticsearch.transport.netty4.Netty4TcpChannel.lambda$addListener$0(Netty4TcpChannel.java:68) ~[?:?]
	at io.netty.util.concurrent.DefaultPromise.notifyListener0(DefaultPromise.java:577) ~[?:?]
	at io.netty.util.concurrent.DefaultPromise.notifyListeners0(DefaultPromise.java:570) ~[?:?]
	at io.netty.util.concurrent.DefaultPromise.notifyListenersNow(DefaultPromise.java:549) ~[?:?]
	at io.netty.util.concurrent.DefaultPromise.notifyListeners(DefaultPromise.java:490) ~[?:?]
	at io.netty.util.concurrent.DefaultPromise.setValue0(DefaultPromise.java:615) ~[?:?]
	at io.netty.util.concurrent.DefaultPromise.setFailure0(DefaultPromise.java:608) ~[?:?]
	at io.netty.util.concurrent.DefaultPromise.tryFailure(DefaultPromise.java:117) ~[?:?]
	at io.netty.channel.nio.AbstractNioChannel$AbstractNioUnsafe.fulfillConnectPromise(AbstractNioChannel.java:321) ~[?:?]
	at io.netty.channel.nio.AbstractNioChannel$AbstractNioUnsafe.finishConnect(AbstractNioChannel.java:337) ~[?:?]
	at io.netty.channel.nio.NioEventLoop.processSelectedKey(NioEventLoop.java:688) ~[?:?]
	at io.netty.channel.nio.NioEventLoop.processSelectedKeysPlain(NioEventLoop.java:600) ~[?:?]
	at io.netty.channel.nio.NioEventLoop.processSelectedKeys(NioEventLoop.java:554) ~[?:?]
	at io.netty.channel.nio.NioEventLoop.run(NioEventLoop.java:514) ~[?:?]
	at io.netty.util.concurrent.SingleThreadEventExecutor$6.run(SingleThreadEventExecutor.java:1050) ~[?:?]
	at io.netty.util.internal.ThreadExecutorMap$2.run(ThreadExecutorMap.java:74) ~[?:?]
	at java.lang.Thread.run(Thread.java:748) [?:1.8.0_231]
Caused by: io.netty.channel.AbstractChannel$AnnotatedConnectException: Connection refused: no further information: 127.0.0.1/127.0.0.1:9301
Caused by: java.net.ConnectException: Connection refused: no further information
	at sun.nio.ch.SocketChannelImpl.checkConnect(Native Method) ~[?:?]
	at sun.nio.ch.SocketChannelImpl.finishConnect(SocketChannelImpl.java:717) ~[?:?]
	at io.netty.channel.socket.nio.NioSocketChannel.doFinishConnect(NioSocketChannel.java:330) ~[?:?]
	at io.netty.channel.nio.AbstractNioChannel$AbstractNioUnsafe.finishConnect(AbstractNioChannel.java:334) ~[?:?]
	... 7 more
[2019-12-31T20:43:23,763][INFO ][o.e.c.s.MasterService    ] [node-1] node-join[{node-3}{JHzY3tnvRuCzUU1bkFZdng}{WfK0fgPlTNqCzfgPLBegEw}{127.0.0.1}{127.0.0.1:9301}{dilm}{ml.machine_memory=8395399168, ml.max_open_jobs=20, xpack.installed=true} join existing leader], term: 2, version: 22, delta: added {{node-3}{JHzY3tnvRuCzUU1bkFZdng}{WfK0fgPlTNqCzfgPLBegEw}{127.0.0.1}{127.0.0.1:9301}{dilm}{ml.machine_memory=8395399168, ml.max_open_jobs=20, xpack.installed=true}}
[2019-12-31T20:43:24,326][INFO ][o.e.c.s.ClusterApplierService] [node-1] added {{node-3}{JHzY3tnvRuCzUU1bkFZdng}{WfK0fgPlTNqCzfgPLBegEw}{127.0.0.1}{127.0.0.1:9301}{dilm}{ml.machine_memory=8395399168, ml.max_open_jobs=20, xpack.installed=true}}, term: 2, version: 22, reason: Publication{term=2, version=22}
[2019-12-31T21:00:32,070][INFO ][o.e.c.m.MetaDataCreateIndexService] [node-1] [belajar_elasticsearch] creating index, cause [api], templates [], shards [5]/[2], mappings []
[2019-12-31T21:00:34,290][INFO ][o.e.c.r.a.AllocationService] [node-1] Cluster health status changed from [YELLOW] to [GREEN] (reason: [shards started [[belajar_elasticsearch][3]]]).
[2019-12-31T21:18:05,572][INFO ][o.e.c.m.MetaDataMappingService] [node-1] [belajar_elasticsearch/drTw1CuGSNS2ZyQy4onKsw] create_mapping [_doc]
