[2019-12-31T20:16:32,940][INFO ][o.e.e.NodeEnvironment    ] [node-1] using [1] data paths, mounts [[OS (C:)]], net usable_space [132.6gb], net total_space [237.4gb], types [NTFS]
[2019-12-31T20:16:32,943][INFO ][o.e.e.NodeEnvironment    ] [node-1] heap size [989.8mb], compressed ordinary object pointers [true]
[2019-12-31T20:16:32,957][INFO ][o.e.n.Node               ] [node-1] node name [node-1], node ID [PX_sO-0FQ_SA4PSHIXUgxw], cluster name [adi-proggrammer]
[2019-12-31T20:16:32,960][INFO ][o.e.n.Node               ] [node-1] version[7.5.1], pid[9480], build[default/zip/3ae9ac9a93c95bd0cdc054951cf95d88e1e18d96/2019-12-16T22:57:37.835892Z], OS[Windows 10/10.0/amd64], JVM[Oracle Corporation/Java HotSpot(TM) 64-Bit Server VM/1.8.0_231/25.231-b11]
[2019-12-31T20:16:32,962][INFO ][o.e.n.Node               ] [node-1] JVM home [C:\Program Files\Java\jdk1.8.0_231\jre]
[2019-12-31T20:16:32,963][INFO ][o.e.n.Node               ] [node-1] JVM arguments [-Des.networkaddress.cache.ttl=60, -Des.networkaddress.cache.negative.ttl=10, -XX:+AlwaysPreTouch, -Xss1m, -Djava.awt.headless=true, -Dfile.encoding=UTF-8, -Djna.nosys=true, -XX:-OmitStackTraceInFastThrow, -Dio.netty.noUnsafe=true, -Dio.netty.noKeySetOptimization=true, -Dio.netty.recycler.maxCapacityPerThread=0, -Dio.netty.allocator.numDirectArenas=0, -Dlog4j.shutdownHookEnabled=false, -Dlog4j2.disable.jmx=true, -Djava.locale.providers=COMPAT, -Xms1g, -Xmx1g, -XX:+UseConcMarkSweepGC, -XX:CMSInitiatingOccupancyFraction=75, -XX:+UseCMSInitiatingOccupancyOnly, -Djava.io.tmpdir=C:\Users\adyfa\AppData\Local\Temp\elasticsearch, -XX:+HeapDumpOnOutOfMemoryError, -XX:HeapDumpPath=data, -XX:ErrorFile=logs/hs_err_pid%p.log, -XX:+PrintGCDetails, -XX:+PrintGCDateStamps, -XX:+PrintTenuringDistribution, -XX:+PrintGCApplicationStoppedTime, -Xloggc:logs/gc.log, -XX:+UseGCLogFileRotation, -XX:NumberOfGCLogFiles=32, -XX:GCLogFileSize=64m, -XX:MaxDirectMemorySize=536870912, -Delasticsearch, -Des.path.home=C:\Users\adyfa\Downloads\elasticsearch-7.5.1-windows-x86_64\elasticsearch-7.5.1, -Des.path.conf=C:\Users\adyfa\Downloads\elasticsearch-7.5.1-windows-x86_64\elasticsearch-7.5.1\config, -Des.distribution.flavor=default, -Des.distribution.type=zip, -Des.bundled_jdk=true]
[2019-12-31T20:16:35,575][INFO ][o.e.p.PluginsService     ] [node-1] loaded module [aggs-matrix-stats]
[2019-12-31T20:16:35,576][INFO ][o.e.p.PluginsService     ] [node-1] loaded module [analysis-common]
[2019-12-31T20:16:35,577][INFO ][o.e.p.PluginsService     ] [node-1] loaded module [flattened]
[2019-12-31T20:16:35,591][INFO ][o.e.p.PluginsService     ] [node-1] loaded module [frozen-indices]
[2019-12-31T20:16:35,592][INFO ][o.e.p.PluginsService     ] [node-1] loaded module [ingest-common]
[2019-12-31T20:16:35,593][INFO ][o.e.p.PluginsService     ] [node-1] loaded module [ingest-geoip]
[2019-12-31T20:16:35,594][INFO ][o.e.p.PluginsService     ] [node-1] loaded module [ingest-user-agent]
[2019-12-31T20:16:35,595][INFO ][o.e.p.PluginsService     ] [node-1] loaded module [lang-expression]
[2019-12-31T20:16:35,596][INFO ][o.e.p.PluginsService     ] [node-1] loaded module [lang-mustache]
[2019-12-31T20:16:35,597][INFO ][o.e.p.PluginsService     ] [node-1] loaded module [lang-painless]
[2019-12-31T20:16:35,597][INFO ][o.e.p.PluginsService     ] [node-1] loaded module [mapper-extras]
[2019-12-31T20:16:35,598][INFO ][o.e.p.PluginsService     ] [node-1] loaded module [parent-join]
[2019-12-31T20:16:35,599][INFO ][o.e.p.PluginsService     ] [node-1] loaded module [percolator]
[2019-12-31T20:16:35,600][INFO ][o.e.p.PluginsService     ] [node-1] loaded module [rank-eval]
[2019-12-31T20:16:35,612][INFO ][o.e.p.PluginsService     ] [node-1] loaded module [reindex]
[2019-12-31T20:16:35,613][INFO ][o.e.p.PluginsService     ] [node-1] loaded module [repository-url]
[2019-12-31T20:16:35,615][INFO ][o.e.p.PluginsService     ] [node-1] loaded module [search-business-rules]
[2019-12-31T20:16:35,616][INFO ][o.e.p.PluginsService     ] [node-1] loaded module [spatial]
[2019-12-31T20:16:35,617][INFO ][o.e.p.PluginsService     ] [node-1] loaded module [transform]
[2019-12-31T20:16:35,627][INFO ][o.e.p.PluginsService     ] [node-1] loaded module [transport-netty4]
[2019-12-31T20:16:35,628][INFO ][o.e.p.PluginsService     ] [node-1] loaded module [vectors]
[2019-12-31T20:16:35,629][INFO ][o.e.p.PluginsService     ] [node-1] loaded module [x-pack-analytics]
[2019-12-31T20:16:35,630][INFO ][o.e.p.PluginsService     ] [node-1] loaded module [x-pack-ccr]
[2019-12-31T20:16:35,631][INFO ][o.e.p.PluginsService     ] [node-1] loaded module [x-pack-core]
[2019-12-31T20:16:35,632][INFO ][o.e.p.PluginsService     ] [node-1] loaded module [x-pack-deprecation]
[2019-12-31T20:16:35,632][INFO ][o.e.p.PluginsService     ] [node-1] loaded module [x-pack-enrich]
[2019-12-31T20:16:35,644][INFO ][o.e.p.PluginsService     ] [node-1] loaded module [x-pack-graph]
[2019-12-31T20:16:35,645][INFO ][o.e.p.PluginsService     ] [node-1] loaded module [x-pack-ilm]
[2019-12-31T20:16:35,646][INFO ][o.e.p.PluginsService     ] [node-1] loaded module [x-pack-logstash]
[2019-12-31T20:16:35,647][INFO ][o.e.p.PluginsService     ] [node-1] loaded module [x-pack-ml]
[2019-12-31T20:16:35,647][INFO ][o.e.p.PluginsService     ] [node-1] loaded module [x-pack-monitoring]
[2019-12-31T20:16:35,648][INFO ][o.e.p.PluginsService     ] [node-1] loaded module [x-pack-rollup]
[2019-12-31T20:16:35,648][INFO ][o.e.p.PluginsService     ] [node-1] loaded module [x-pack-security]
[2019-12-31T20:16:35,649][INFO ][o.e.p.PluginsService     ] [node-1] loaded module [x-pack-sql]
[2019-12-31T20:16:35,650][INFO ][o.e.p.PluginsService     ] [node-1] loaded module [x-pack-voting-only-node]
[2019-12-31T20:16:35,652][INFO ][o.e.p.PluginsService     ] [node-1] loaded module [x-pack-watcher]
[2019-12-31T20:16:35,663][INFO ][o.e.p.PluginsService     ] [node-1] no plugins loaded
[2019-12-31T20:16:39,506][INFO ][o.e.x.s.a.s.FileRolesStore] [node-1] parsed [0] roles from file [C:\Users\adyfa\Downloads\elasticsearch-7.5.1-windows-x86_64\elasticsearch-7.5.1\config\roles.yml]
[2019-12-31T20:16:40,207][INFO ][o.e.x.m.p.l.CppLogMessageHandler] [node-1] [controller/9496] [Main.cc@110] controller (64 bit): Version 7.5.1 (Build ae3c3c51b849be) Copyright (c) 2019 Elasticsearch BV
[2019-12-31T20:16:40,740][DEBUG][o.e.a.ActionModule       ] [node-1] Using REST wrapper from plugin org.elasticsearch.xpack.security.Security
[2019-12-31T20:16:40,874][INFO ][o.e.d.DiscoveryModule    ] [node-1] using discovery type [zen] and seed hosts providers [settings]
[2019-12-31T20:16:41,882][INFO ][o.e.n.Node               ] [node-1] initialized
[2019-12-31T20:16:41,883][INFO ][o.e.n.Node               ] [node-1] starting ...
[2019-12-31T20:16:42,640][INFO ][o.e.t.TransportService   ] [node-1] publish_address {127.0.0.1:9300}, bound_addresses {127.0.0.1:9300}, {[::1]:9300}
[2019-12-31T20:16:42,823][WARN ][o.e.b.BootstrapChecks    ] [node-1] the default discovery settings are unsuitable for production use; at least one of [discovery.seed_hosts, discovery.seed_providers, cluster.initial_master_nodes] must be configured
[2019-12-31T20:16:42,825][INFO ][o.e.c.c.Coordinator      ] [node-1] cluster UUID [GPFlUijaTS-FIFPI6uhkXQ]
[2019-12-31T20:16:42,837][INFO ][o.e.c.c.ClusterBootstrapService] [node-1] no discovery configuration found, will perform best-effort cluster bootstrapping after [3s] unless existing master is discovered
[2019-12-31T20:16:42,966][INFO ][o.e.c.s.MasterService    ] [node-1] elected-as-master ([1] nodes joined)[{node-1}{PX_sO-0FQ_SA4PSHIXUgxw}{-ghMA_9FSlGXCD-UcBapTw}{127.0.0.1}{127.0.0.1:9300}{dilm}{ml.machine_memory=8395399168, xpack.installed=true, ml.max_open_jobs=20} elect leader, _BECOME_MASTER_TASK_, _FINISH_ELECTION_], term: 2, version: 18, delta: master node changed {previous [], current [{node-1}{PX_sO-0FQ_SA4PSHIXUgxw}{-ghMA_9FSlGXCD-UcBapTw}{127.0.0.1}{127.0.0.1:9300}{dilm}{ml.machine_memory=8395399168, xpack.installed=true, ml.max_open_jobs=20}]}
[2019-12-31T20:16:43,044][INFO ][o.e.c.s.ClusterApplierService] [node-1] master node changed {previous [], current [{node-1}{PX_sO-0FQ_SA4PSHIXUgxw}{-ghMA_9FSlGXCD-UcBapTw}{127.0.0.1}{127.0.0.1:9300}{dilm}{ml.machine_memory=8395399168, xpack.installed=true, ml.max_open_jobs=20}]}, term: 2, version: 18, reason: Publication{term=2, version=18}
[2019-12-31T20:16:43,312][INFO ][o.e.l.LicenseService     ] [node-1] license [107bf435-094b-421d-a5b8-a76a0bdc1859] mode [basic] - valid
[2019-12-31T20:16:43,314][INFO ][o.e.x.s.s.SecurityStatusChangeListener] [node-1] Active license is now [BASIC]; Security is disabled
[2019-12-31T20:16:43,325][INFO ][o.e.g.GatewayService     ] [node-1] recovered [0] indices into cluster_state
[2019-12-31T20:16:43,422][INFO ][o.e.h.AbstractHttpServerTransport] [node-1] publish_address {127.0.0.1:9200}, bound_addresses {127.0.0.1:9200}, {[::1]:9200}
[2019-12-31T20:16:43,424][INFO ][o.e.n.Node               ] [node-1] started
[2019-12-31T20:17:56,889][INFO ][o.e.n.Node               ] [node-1] stopping ...
[2019-12-31T20:17:56,906][INFO ][o.e.x.w.WatcherService   ] [node-1] stopping watch service, reason [shutdown initiated]
[2019-12-31T20:17:56,913][INFO ][o.e.x.w.WatcherLifeCycleService] [node-1] watcher has stopped and shutdown
[2019-12-31T20:17:57,022][INFO ][o.e.x.m.p.l.CppLogMessageHandler] [node-1] [controller/9496] [Main.cc@150] Ml controller exiting
[2019-12-31T20:17:57,023][INFO ][o.e.n.Node               ] [node-1] stopped
[2019-12-31T20:17:57,023][INFO ][o.e.x.m.p.NativeController] [node-1] Native controller process has stopped - no new native processes can be started
[2019-12-31T20:17:57,023][INFO ][o.e.n.Node               ] [node-1] closing ...
[2019-12-31T20:17:57,148][INFO ][o.e.n.Node               ] [node-1] closed
[2019-12-31T20:27:31,445][INFO ][o.e.e.NodeEnvironment    ] [node-2] using [1] data paths, mounts [[OS (C:)]], net usable_space [130.6gb], net total_space [237.4gb], types [NTFS]
[2019-12-31T20:27:31,447][INFO ][o.e.e.NodeEnvironment    ] [node-2] heap size [989.8mb], compressed ordinary object pointers [true]
[2019-12-31T20:27:31,452][INFO ][o.e.n.Node               ] [node-2] node name [node-2], node ID [PX_sO-0FQ_SA4PSHIXUgxw], cluster name [adi-proggrammer]
[2019-12-31T20:27:31,453][INFO ][o.e.n.Node               ] [node-2] version[7.5.1], pid[10416], build[default/zip/3ae9ac9a93c95bd0cdc054951cf95d88e1e18d96/2019-12-16T22:57:37.835892Z], OS[Windows 10/10.0/amd64], JVM[Oracle Corporation/Java HotSpot(TM) 64-Bit Server VM/1.8.0_231/25.231-b11]
[2019-12-31T20:27:31,454][INFO ][o.e.n.Node               ] [node-2] JVM home [C:\Program Files\Java\jdk1.8.0_231\jre]
[2019-12-31T20:27:31,455][INFO ][o.e.n.Node               ] [node-2] JVM arguments [-Des.networkaddress.cache.ttl=60, -Des.networkaddress.cache.negative.ttl=10, -XX:+AlwaysPreTouch, -Xss1m, -Djava.awt.headless=true, -Dfile.encoding=UTF-8, -Djna.nosys=true, -XX:-OmitStackTraceInFastThrow, -Dio.netty.noUnsafe=true, -Dio.netty.noKeySetOptimization=true, -Dio.netty.recycler.maxCapacityPerThread=0, -Dio.netty.allocator.numDirectArenas=0, -Dlog4j.shutdownHookEnabled=false, -Dlog4j2.disable.jmx=true, -Djava.locale.providers=COMPAT, -Xms1g, -Xmx1g, -XX:+UseConcMarkSweepGC, -XX:CMSInitiatingOccupancyFraction=75, -XX:+UseCMSInitiatingOccupancyOnly, -Djava.io.tmpdir=C:\Users\adyfa\AppData\Local\Temp\elasticsearch, -XX:+HeapDumpOnOutOfMemoryError, -XX:HeapDumpPath=data, -XX:ErrorFile=logs/hs_err_pid%p.log, -XX:+PrintGCDetails, -XX:+PrintGCDateStamps, -XX:+PrintTenuringDistribution, -XX:+PrintGCApplicationStoppedTime, -Xloggc:logs/gc.log, -XX:+UseGCLogFileRotation, -XX:NumberOfGCLogFiles=32, -XX:GCLogFileSize=64m, -XX:MaxDirectMemorySize=536870912, -Delasticsearch, -Des.path.home=C:\Users\adyfa\Downloads\elasticsearch-3node\elasticsearch-7.5.1 - node 2, -Des.path.conf=C:\Users\adyfa\Downloads\elasticsearch-3node\elasticsearch-7.5.1 - node 2\config, -Des.distribution.flavor=default, -Des.distribution.type=zip, -Des.bundled_jdk=true]
[2019-12-31T20:27:34,357][INFO ][o.e.p.PluginsService     ] [node-2] loaded module [aggs-matrix-stats]
[2019-12-31T20:27:34,358][INFO ][o.e.p.PluginsService     ] [node-2] loaded module [analysis-common]
[2019-12-31T20:27:34,359][INFO ][o.e.p.PluginsService     ] [node-2] loaded module [flattened]
[2019-12-31T20:27:34,360][INFO ][o.e.p.PluginsService     ] [node-2] loaded module [frozen-indices]
[2019-12-31T20:27:34,361][INFO ][o.e.p.PluginsService     ] [node-2] loaded module [ingest-common]
[2019-12-31T20:27:34,361][INFO ][o.e.p.PluginsService     ] [node-2] loaded module [ingest-geoip]
[2019-12-31T20:27:34,362][INFO ][o.e.p.PluginsService     ] [node-2] loaded module [ingest-user-agent]
[2019-12-31T20:27:34,363][INFO ][o.e.p.PluginsService     ] [node-2] loaded module [lang-expression]
[2019-12-31T20:27:34,363][INFO ][o.e.p.PluginsService     ] [node-2] loaded module [lang-mustache]
[2019-12-31T20:27:34,364][INFO ][o.e.p.PluginsService     ] [node-2] loaded module [lang-painless]
[2019-12-31T20:27:34,364][INFO ][o.e.p.PluginsService     ] [node-2] loaded module [mapper-extras]
[2019-12-31T20:27:34,365][INFO ][o.e.p.PluginsService     ] [node-2] loaded module [parent-join]
[2019-12-31T20:27:34,365][INFO ][o.e.p.PluginsService     ] [node-2] loaded module [percolator]
[2019-12-31T20:27:34,366][INFO ][o.e.p.PluginsService     ] [node-2] loaded module [rank-eval]
[2019-12-31T20:27:34,366][INFO ][o.e.p.PluginsService     ] [node-2] loaded module [reindex]
[2019-12-31T20:27:34,367][INFO ][o.e.p.PluginsService     ] [node-2] loaded module [repository-url]
[2019-12-31T20:27:34,367][INFO ][o.e.p.PluginsService     ] [node-2] loaded module [search-business-rules]
[2019-12-31T20:27:34,368][INFO ][o.e.p.PluginsService     ] [node-2] loaded module [spatial]
[2019-12-31T20:27:34,369][INFO ][o.e.p.PluginsService     ] [node-2] loaded module [transform]
[2019-12-31T20:27:34,369][INFO ][o.e.p.PluginsService     ] [node-2] loaded module [transport-netty4]
[2019-12-31T20:27:34,370][INFO ][o.e.p.PluginsService     ] [node-2] loaded module [vectors]
[2019-12-31T20:27:34,370][INFO ][o.e.p.PluginsService     ] [node-2] loaded module [x-pack-analytics]
[2019-12-31T20:27:34,372][INFO ][o.e.p.PluginsService     ] [node-2] loaded module [x-pack-ccr]
[2019-12-31T20:27:34,373][INFO ][o.e.p.PluginsService     ] [node-2] loaded module [x-pack-core]
[2019-12-31T20:27:34,373][INFO ][o.e.p.PluginsService     ] [node-2] loaded module [x-pack-deprecation]
[2019-12-31T20:27:34,374][INFO ][o.e.p.PluginsService     ] [node-2] loaded module [x-pack-enrich]
[2019-12-31T20:27:34,375][INFO ][o.e.p.PluginsService     ] [node-2] loaded module [x-pack-graph]
[2019-12-31T20:27:34,375][INFO ][o.e.p.PluginsService     ] [node-2] loaded module [x-pack-ilm]
[2019-12-31T20:27:34,377][INFO ][o.e.p.PluginsService     ] [node-2] loaded module [x-pack-logstash]
[2019-12-31T20:27:34,377][INFO ][o.e.p.PluginsService     ] [node-2] loaded module [x-pack-ml]
[2019-12-31T20:27:34,378][INFO ][o.e.p.PluginsService     ] [node-2] loaded module [x-pack-monitoring]
[2019-12-31T20:27:34,378][INFO ][o.e.p.PluginsService     ] [node-2] loaded module [x-pack-rollup]
[2019-12-31T20:27:34,379][INFO ][o.e.p.PluginsService     ] [node-2] loaded module [x-pack-security]
[2019-12-31T20:27:34,379][INFO ][o.e.p.PluginsService     ] [node-2] loaded module [x-pack-sql]
[2019-12-31T20:27:34,380][INFO ][o.e.p.PluginsService     ] [node-2] loaded module [x-pack-voting-only-node]
[2019-12-31T20:27:34,380][INFO ][o.e.p.PluginsService     ] [node-2] loaded module [x-pack-watcher]
[2019-12-31T20:27:34,381][INFO ][o.e.p.PluginsService     ] [node-2] no plugins loaded
[2019-12-31T20:27:40,882][INFO ][o.e.x.s.a.s.FileRolesStore] [node-2] parsed [0] roles from file [C:\Users\adyfa\Downloads\elasticsearch-3node\elasticsearch-7.5.1 - node 2\config\roles.yml]
[2019-12-31T20:27:42,207][INFO ][o.e.x.m.p.l.CppLogMessageHandler] [node-2] [controller/11228] [Main.cc@110] controller (64 bit): Version 7.5.1 (Build ae3c3c51b849be) Copyright (c) 2019 Elasticsearch BV
[2019-12-31T20:27:43,651][DEBUG][o.e.a.ActionModule       ] [node-2] Using REST wrapper from plugin org.elasticsearch.xpack.security.Security
[2019-12-31T20:27:43,961][INFO ][o.e.d.DiscoveryModule    ] [node-2] using discovery type [zen] and seed hosts providers [settings]
[2019-12-31T20:27:45,666][INFO ][o.e.n.Node               ] [node-2] initialized
[2019-12-31T20:27:45,667][INFO ][o.e.n.Node               ] [node-2] starting ...
[2019-12-31T20:27:46,750][INFO ][o.e.t.TransportService   ] [node-2] publish_address {127.0.0.1:9301}, bound_addresses {127.0.0.1:9301}, {[::1]:9301}
[2019-12-31T20:27:47,157][INFO ][o.e.c.c.Coordinator      ] [node-2] cluster UUID [GPFlUijaTS-FIFPI6uhkXQ]
[2019-12-31T20:27:47,365][INFO ][o.e.c.s.MasterService    ] [node-2] elected-as-master ([1] nodes joined)[{node-2}{PX_sO-0FQ_SA4PSHIXUgxw}{Q5IUD6eUSbuEsglDUbiPDg}{127.0.0.1}{127.0.0.1:9301}{dilm}{ml.machine_memory=8395399168, xpack.installed=true, ml.max_open_jobs=20} elect leader, _BECOME_MASTER_TASK_, _FINISH_ELECTION_], term: 3, version: 21, delta: master node changed {previous [], current [{node-2}{PX_sO-0FQ_SA4PSHIXUgxw}{Q5IUD6eUSbuEsglDUbiPDg}{127.0.0.1}{127.0.0.1:9301}{dilm}{ml.machine_memory=8395399168, xpack.installed=true, ml.max_open_jobs=20}]}
[2019-12-31T20:27:47,468][INFO ][o.e.c.s.ClusterApplierService] [node-2] master node changed {previous [], current [{node-2}{PX_sO-0FQ_SA4PSHIXUgxw}{Q5IUD6eUSbuEsglDUbiPDg}{127.0.0.1}{127.0.0.1:9301}{dilm}{ml.machine_memory=8395399168, xpack.installed=true, ml.max_open_jobs=20}]}, term: 3, version: 21, reason: Publication{term=3, version=21}
[2019-12-31T20:27:48,044][INFO ][o.e.l.LicenseService     ] [node-2] license [107bf435-094b-421d-a5b8-a76a0bdc1859] mode [basic] - valid
[2019-12-31T20:27:48,046][INFO ][o.e.x.s.s.SecurityStatusChangeListener] [node-2] Active license is now [BASIC]; Security is disabled
[2019-12-31T20:27:48,060][INFO ][o.e.g.GatewayService     ] [node-2] recovered [0] indices into cluster_state
[2019-12-31T20:27:48,157][INFO ][o.e.h.AbstractHttpServerTransport] [node-2] publish_address {127.0.0.1:9202}, bound_addresses {127.0.0.1:9202}, {[::1]:9202}
[2019-12-31T20:27:48,159][INFO ][o.e.n.Node               ] [node-2] started
[2019-12-31T20:36:29,134][INFO ][o.e.n.Node               ] [node-2] stopping ...
[2019-12-31T20:36:29,145][INFO ][o.e.x.w.WatcherService   ] [node-2] stopping watch service, reason [shutdown initiated]
[2019-12-31T20:36:29,154][INFO ][o.e.x.w.WatcherLifeCycleService] [node-2] watcher has stopped and shutdown
[2019-12-31T20:36:29,392][INFO ][o.e.x.m.p.l.CppLogMessageHandler] [node-2] [controller/11228] [Main.cc@150] Ml controller exiting
[2019-12-31T20:36:29,396][INFO ][o.e.x.m.p.NativeController] [node-2] Native controller process has stopped - no new native processes can be started
[2019-12-31T20:36:29,399][INFO ][o.e.n.Node               ] [node-2] stopped
[2019-12-31T20:36:29,411][INFO ][o.e.n.Node               ] [node-2] closing ...
[2019-12-31T20:36:29,422][INFO ][o.e.n.Node               ] [node-2] closed
